******************************************************************************

MODIS Reprojection Tool (v4.1 March 2009)
Start Time:  Tue Aug 13 00:30:41 2013

------------------------------------------------------------------


Input image and reprojection info
---------------------------------
input_filename:          /tmp/MOD11A1.A2012340.h28v04.005.2012342062356.hdf
output_filename:         /tmp/prova.tif
input_filetype:          HDF-EOS
output_filetype:         GEOTIFF
input_projection_type:   SIN
input_datum:             WGS84
output_projection_type:  GEO
output_datum:            WGS84
resampling_type:         NN
input projection parameters:  6371007.18 0.00 0.00 0.00 0.00 0.00 0.00 0.00 86400.00 0.00 0.00 0.00 0.00 0.00 0.00 
output projection parameters: 0.00 0.00 0.00 0.00 0.00 0.00 0.00 0.00 0.00 0.00 0.00 0.00 0.00 0.00 0.00 

input image corners (lat/lon):
    UL:  50.00 155.57 
    UR:  50.00 171.13 
    LL:  40.00 130.54 
    LR:  40.00 143.59 

input image spatial subset corners (lat/lon):
    UL:  50.00 130.56 
    UR:  50.00 171.12 
    LL:  40.00 130.56 
    LR:  40.00 171.12 

     band          select   type lines smpls pixsiz      min    max   fill
  1) LST_Day_1km        1 UINT16  1200  1200 926.6254   7500  65535      0
  2) QC_Day             1  UINT8  1200  1200 926.6254      0    255      0
  3) Day_view_time      1  UINT8  1200  1200 926.6254      0    240    255
  4) Day_view_angl      1  UINT8  1200  1200 926.6254      0    130    255
  5) LST_Night_1km      1 UINT16  1200  1200 926.6254   7500  65535      0
  6) QC_Night           1  UINT8  1200  1200 926.6254      0    255      0
  7) Night_view_time    1  UINT8  1200  1200 926.6254      0    240    255
  8) Night_view_angl    1  UINT8  1200  1200 926.6254      0    130    255
  9) Emis_31            1  UINT8  1200  1200 926.6254      1    255      0
 10) Emis_32            1  UINT8  1200  1200 926.6254      1    255      0
 11) Clear_day_cov      1 UINT16  1200  1200 926.6254      1  65535      0
 12) Clear_night_cov    1 UINT16  1200  1200 926.6254      1  65535      0


SINUSOIDAL PROJECTION PARAMETERS:

   Radius of Sphere:     6371007.181000 meters
   Longitude of Center:     0.000000 degrees
   False Easting:      0.000000 meters 
   False Northing:     0.000000 meters 

NNResample : processing band LST_Day_1km

NNResample : processing band QC_Day

NNResample : processing band Day_view_time

NNResample : processing band Day_view_angl

NNResample : processing band LST_Night_1km

NNResample : processing band QC_Night

NNResample : processing band Night_view_time

NNResample : processing band Night_view_angl

NNResample : processing band Emis_31

NNResample : processing band Emis_32

NNResample : processing band Clear_day_cov

NNResample : processing band Clear_night_cov

Output image info
-----------------
output image extents (lat/lon):
    UL:  49.995833000000 130.556662000000 
    UR:  49.995833000000 380.556662000000 
    LL:  -200.004167000000 130.556662000000 
    LR:  -200.004167000000 380.556662000000 

output image extents (X-Y projection units):
    UL:  130.556662000000 49.995833000000 
    UR:  380.556662000000 49.995833000000 
    LL:  130.556662000000 -200.004167000000 
    LR:  380.556662000000 -200.004167000000 

     band               type lines smpls pixsiz      min    max   fill
  1) LST_Day_1km      UINT16     1     1 250.0000   7500  65535      0
  2) QC_Day            UINT8     1     1 250.0000      0    255      0
  3) Day_view_time     UINT8     1     1 250.0000      0    240    255
  4) Day_view_angl     UINT8     1     1 250.0000      0    130    255
  5) LST_Night_1km    UINT16     1     1 250.0000   7500  65535      0
  6) QC_Night          UINT8     1     1 250.0000      0    255      0
  7) Night_view_time   UINT8     1     1 250.0000      0    240    255
  8) Night_view_angl   UINT8     1     1 250.0000      0    130    255
  9) Emis_31           UINT8     1     1 250.0000      1    255      0
 10) Emis_32           UINT8     1     1 250.0000      1    255      0
 11) Clear_day_cov    UINT16     1     1 250.0000      1  65535      0
 12) Clear_night_cov  UINT16     1     1 250.0000      1  65535      0

End Time:  Tue Aug 13 00:30:41 2013

Finished processing!

******************************************************************************

