Adapter #0

Number of Virtual Disks: 2
Virtual Drive: 0 (Target Id: 0)
Name                :
RAID Level          : Primary-1, Secondary-0, RAID Level Qualifier-0
Size                : 54.947 GB
Sector Size         : 512
Mirror Data         : 54.947 GB
State               : Optimal
Strip Size          : 16 KB
Number Of Drives    : 2
Span Depth          : 1
Default Cache Policy: WriteThrough, ReadAhead, Cached, No Write Cache if Bad BBU
Current Cache Policy: WriteThrough, ReadAhead, Cached, No Write Cache if Bad BBU
Default Access Policy: Read/Write
Current Access Policy: Read/Write
Disk Cache Policy   : Enabled
Encryption Type     : None
Bad Blocks Exist: No
Is VD Cached: No
Number of Spans: 1
Span: 0 - Number of PDs: 2

PD: 0 Information
Enclosure Device ID: 252
Slot Number: 0
Drive's position: DiskGroup: 0, Span: 0, Arm: 0
Enclosure position: N/A
Device Id: 3
WWN: 0000000000000000
Sequence Number: 2
Media Error Count: 0
Other Error Count: 0
Predictive Failure Count: 0
Last Predictive Failure Event Seq Number: 0
PD Type: SATA

Raw Size: 55.899 GB [0x6fccf30 Sectors]
Non Coerced Size: 55.399 GB [0x6eccf30 Sectors]
Coerced Size: 54.947 GB [0x6de5000 Sectors]
Sector Size:  0
Firmware state: Online, Spun Up
Commissioned Spare : No
Emergency Spare : No
Device Firmware Level: 3.2 
Shield Counter: 0
Successful diagnostics completion on :  N/A
SAS Address(0): 0x4433221103000000
Connected Port Number: 3(path0) 
Inquiry Data: 601202100091        RunCore SSD                             FW3.3.2 
FDE Capable: Not Capable
FDE Enable: Disable
Secured: Unsecured
Locked: Unlocked
Needs EKM Attention: No
Foreign State: None 
Device Speed: 6.0Gb/s 
Link Speed: 6.0Gb/s 
Media Type: Solid State Device
Drive:  Not Certified
Drive Temperature :32C (89.60 F)
PI Eligibility:  No 
Drive is formatted for PI information:  No
PI: No PI
Port-0 :
Port status: Active
Port's Linkspeed: 6.0Gb/s 
Drive has flagged a S.M.A.R.T alert : No




PD: 1 Information
Enclosure Device ID: 252
Slot Number: 1
Drive's position: DiskGroup: 0, Span: 0, Arm: 1
Enclosure position: N/A
Device Id: 2
WWN: 0000000000000000
Sequence Number: 2
Media Error Count: 0
Other Error Count: 0
Predictive Failure Count: 0
Last Predictive Failure Event Seq Number: 0
PD Type: SATA

Raw Size: 55.899 GB [0x6fccf30 Sectors]
Non Coerced Size: 55.399 GB [0x6eccf30 Sectors]
Coerced Size: 54.947 GB [0x6de5000 Sectors]
Sector Size:  0
Firmware state: Online, Spun Up
Commissioned Spare : No
Emergency Spare : No
Device Firmware Level: 3.2 
Shield Counter: 0
Successful diagnostics completion on :  N/A
SAS Address(0): 0x4433221102000000
Connected Port Number: 2(path0) 
Inquiry Data: 601202100237        RunCore SSD                             FW3.3.2 
FDE Capable: Not Capable
FDE Enable: Disable
Secured: Unsecured
Locked: Unlocked
Needs EKM Attention: No
Foreign State: None 
Device Speed: 6.0Gb/s 
Link Speed: 6.0Gb/s 
Media Type: Solid State Device
Drive:  Not Certified
Drive Temperature :33C (91.40 F)
PI Eligibility:  No 
Drive is formatted for PI information:  No
PI: No PI
Port-0 :
Port status: Active
Port's Linkspeed: 6.0Gb/s 
Drive has flagged a S.M.A.R.T alert : No



Virtual Drive: 1 (Target Id: 1)
Name                :META
RAID Level          : Primary-1, Secondary-0, RAID Level Qualifier-0
Size                : 54.947 GB
Sector Size         : 512
Mirror Data         : 54.947 GB
State               : Optimal
Strip Size          : 16 KB
Number Of Drives    : 2
Span Depth          : 1
Default Cache Policy: WriteThrough, ReadAhead, Cached, No Write Cache if Bad BBU
Current Cache Policy: WriteThrough, ReadAhead, Cached, No Write Cache if Bad BBU
Default Access Policy: Read/Write
Current Access Policy: Read/Write
Disk Cache Policy   : Enabled
Encryption Type     : None
Bad Blocks Exist: No
Is VD Cached: No
Number of Spans: 1
Span: 0 - Number of PDs: 2

PD: 0 Information
Enclosure Device ID: 252
Slot Number: 2
Drive's position: DiskGroup: 1, Span: 0, Arm: 0
Enclosure position: N/A
Device Id: 1
WWN: 5001517bb2969f42
Sequence Number: 2
Media Error Count: 0
Other Error Count: 0
Predictive Failure Count: 0
Last Predictive Failure Event Seq Number: 0
PD Type: SATA

Raw Size: 55.899 GB [0x6fccf30 Sectors]
Non Coerced Size: 55.399 GB [0x6eccf30 Sectors]
Coerced Size: 54.947 GB [0x6de5000 Sectors]
Sector Size:  0
Firmware state: Online, Spun Up
Commissioned Spare : No
Emergency Spare : No
Device Firmware Level: 300i
Shield Counter: 0
Successful diagnostics completion on :  N/A
SAS Address(0): 0x4433221101000000
Connected Port Number: 1(path0) 
Inquiry Data: CVMP223500PU060AGN  INTEL SSDSC2CT060A3                     300i    
FDE Capable: Not Capable
FDE Enable: Disable
Secured: Unsecured
Locked: Unlocked
Needs EKM Attention: No
Foreign State: None 
Device Speed: 6.0Gb/s 
Link Speed: 6.0Gb/s 
Media Type: Solid State Device
Drive:  Not Certified
Drive Temperature : N/A
PI Eligibility:  No 
Drive is formatted for PI information:  No
PI: No PI
Port-0 :
Port status: Active
Port's Linkspeed: 6.0Gb/s 
Drive has flagged a S.M.A.R.T alert : No




PD: 1 Information
Enclosure Device ID: 252
Slot Number: 3
Drive's position: DiskGroup: 1, Span: 0, Arm: 1
Enclosure position: N/A
Device Id: 0
WWN: 5001517803cf59f2
Sequence Number: 2
Media Error Count: 0
Other Error Count: 0
Predictive Failure Count: 0
Last Predictive Failure Event Seq Number: 0
PD Type: SATA

Raw Size: 55.899 GB [0x6fccf30 Sectors]
Non Coerced Size: 55.399 GB [0x6eccf30 Sectors]
Coerced Size: 54.947 GB [0x6de5000 Sectors]
Sector Size:  0
Firmware state: Online, Spun Up
Commissioned Spare : No
Emergency Spare : No
Device Firmware Level: 300i
Shield Counter: 0
Successful diagnostics completion on :  N/A
SAS Address(0): 0x4433221100000000
Connected Port Number: 0(path0) 
Inquiry Data: CVMP248505C5060AGN  INTEL SSDSC2CT060A3                     300i    
FDE Capable: Not Capable
FDE Enable: Disable
Secured: Unsecured
Locked: Unlocked
Needs EKM Attention: No
Foreign State: None 
Device Speed: 6.0Gb/s 
Link Speed: 6.0Gb/s 
Media Type: Solid State Device
Drive:  Not Certified
Drive Temperature : N/A
PI Eligibility:  No 
Drive is formatted for PI information:  No
PI: No PI
Port-0 :
Port status: Active
Port's Linkspeed: 6.0Gb/s 
Drive has flagged a S.M.A.R.T alert : No




Exit Code: 0x00
Adapter #0

Number of Virtual Disks: 2
Virtual Drive: 0 (Target Id: 0)
Name                :
RAID Level          : Primary-1, Secondary-0, RAID Level Qualifier-0
Size                : 54.947 GB
Sector Size         : 512
Mirror Data         : 54.947 GB
State               : Optimal
Strip Size          : 16 KB
Number Of Drives    : 2
Span Depth          : 1
Default Cache Policy: WriteThrough, ReadAhead, Cached, No Write Cache if Bad BBU
Current Cache Policy: WriteThrough, ReadAhead, Cached, No Write Cache if Bad BBU
Default Access Policy: Read/Write
Current Access Policy: Read/Write
Disk Cache Policy   : Enabled
Encryption Type     : None
Bad Blocks Exist: No
Is VD Cached: No
Number of Spans: 1
Span: 0 - Number of PDs: 2

PD: 0 Information
Enclosure Device ID: 252
Slot Number: 0
Drive's position: DiskGroup: 0, Span: 0, Arm: 0
Enclosure position: N/A
Device Id: 3
WWN: 0000000000000000
Sequence Number: 2
Media Error Count: 0
Other Error Count: 0
Predictive Failure Count: 0
Last Predictive Failure Event Seq Number: 0
PD Type: SATA

Raw Size: 55.899 GB [0x6fccf30 Sectors]
Non Coerced Size: 55.399 GB [0x6eccf30 Sectors]
Coerced Size: 54.947 GB [0x6de5000 Sectors]
Sector Size:  0
Firmware state: Online, Spun Up
Commissioned Spare : No
Emergency Spare : No
Device Firmware Level: 3.2 
Shield Counter: 0
Successful diagnostics completion on :  N/A
SAS Address(0): 0x4433221103000000
Connected Port Number: 3(path0) 
Inquiry Data: 601202100091        RunCore SSD                             FW3.3.2 
FDE Capable: Not Capable
FDE Enable: Disable
Secured: Unsecured
Locked: Unlocked
Needs EKM Attention: No
Foreign State: None 
Device Speed: 6.0Gb/s 
Link Speed: 6.0Gb/s 
Media Type: Solid State Device
Drive:  Not Certified
Drive Temperature :32C (89.60 F)
PI Eligibility:  No 
Drive is formatted for PI information:  No
PI: No PI
Port-0 :
Port status: Active
Port's Linkspeed: 6.0Gb/s 
Drive has flagged a S.M.A.R.T alert : No




PD: 1 Information
Enclosure Device ID: 252
Slot Number: 1
Drive's position: DiskGroup: 0, Span: 0, Arm: 1
Enclosure position: N/A
Device Id: 2
WWN: 0000000000000000
Sequence Number: 2
Media Error Count: 0
Other Error Count: 0
Predictive Failure Count: 0
Last Predictive Failure Event Seq Number: 0
PD Type: SATA

Raw Size: 55.899 GB [0x6fccf30 Sectors]
Non Coerced Size: 55.399 GB [0x6eccf30 Sectors]
Coerced Size: 54.947 GB [0x6de5000 Sectors]
Sector Size:  0
Firmware state: Online, Spun Up
Commissioned Spare : No
Emergency Spare : No
Device Firmware Level: 3.2 
Shield Counter: 0
Successful diagnostics completion on :  N/A
SAS Address(0): 0x4433221102000000
Connected Port Number: 2(path0) 
Inquiry Data: 601202100237        RunCore SSD                             FW3.3.2 
FDE Capable: Not Capable
FDE Enable: Disable
Secured: Unsecured
Locked: Unlocked
Needs EKM Attention: No
Foreign State: None 
Device Speed: 6.0Gb/s 
Link Speed: 6.0Gb/s 
Media Type: Solid State Device
Drive:  Not Certified
Drive Temperature :33C (91.40 F)
PI Eligibility:  No 
Drive is formatted for PI information:  No
PI: No PI
Port-0 :
Port status: Active
Port's Linkspeed: 6.0Gb/s 
Drive has flagged a S.M.A.R.T alert : No



Virtual Drive: 1 (Target Id: 1)
Name                :META
RAID Level          : Primary-1, Secondary-0, RAID Level Qualifier-0
Size                : 54.947 GB
Sector Size         : 512
Mirror Data         : 54.947 GB
State               : Optimal
Strip Size          : 16 KB
Number Of Drives    : 2
Span Depth          : 1
Default Cache Policy: WriteThrough, ReadAhead, Cached, No Write Cache if Bad BBU
Current Cache Policy: WriteThrough, ReadAhead, Cached, No Write Cache if Bad BBU
Default Access Policy: Read/Write
Current Access Policy: Read/Write
Disk Cache Policy   : Enabled
Encryption Type     : None
Bad Blocks Exist: No
Is VD Cached: No
Number of Spans: 1
Span: 0 - Number of PDs: 2

PD: 0 Information
Enclosure Device ID: 252
Slot Number: 2
Drive's position: DiskGroup: 1, Span: 0, Arm: 0
Enclosure position: N/A
Device Id: 1
WWN: 5001517bb2969f42
Sequence Number: 2
Media Error Count: 0
Other Error Count: 0
Predictive Failure Count: 0
Last Predictive Failure Event Seq Number: 0
PD Type: SATA

Raw Size: 55.899 GB [0x6fccf30 Sectors]
Non Coerced Size: 55.399 GB [0x6eccf30 Sectors]
Coerced Size: 54.947 GB [0x6de5000 Sectors]
Sector Size:  0
Firmware state: Online, Spun Up
Commissioned Spare : No
Emergency Spare : No
Device Firmware Level: 300i
Shield Counter: 0
Successful diagnostics completion on :  N/A
SAS Address(0): 0x4433221101000000
Connected Port Number: 1(path0) 
Inquiry Data: CVMP223500PU060AGN  INTEL SSDSC2CT060A3                     300i    
FDE Capable: Not Capable
FDE Enable: Disable
Secured: Unsecured
Locked: Unlocked
Needs EKM Attention: No
Foreign State: None 
Device Speed: 6.0Gb/s 
Link Speed: 6.0Gb/s 
Media Type: Solid State Device
Drive:  Not Certified
Drive Temperature : N/A
PI Eligibility:  No 
Drive is formatted for PI information:  No
PI: No PI
Port-0 :
Port status: Active
Port's Linkspeed: 6.0Gb/s 
Drive has flagged a S.M.A.R.T alert : No




PD: 1 Information
Enclosure Device ID: 252
Slot Number: 3
Drive's position: DiskGroup: 1, Span: 0, Arm: 1
Enclosure position: N/A
Device Id: 0
WWN: 5001517803cf59f2
Sequence Number: 2
Media Error Count: 0
Other Error Count: 0
Predictive Failure Count: 0
Last Predictive Failure Event Seq Number: 0
PD Type: SATA

Raw Size: 55.899 GB [0x6fccf30 Sectors]
Non Coerced Size: 55.399 GB [0x6eccf30 Sectors]
Coerced Size: 54.947 GB [0x6de5000 Sectors]
Sector Size:  0
Firmware state: Online, Spun Up
Commissioned Spare : No
Emergency Spare : No
Device Firmware Level: 300i
Shield Counter: 0
Successful diagnostics completion on :  N/A
SAS Address(0): 0x4433221100000000
Connected Port Number: 0(path0) 
Inquiry Data: CVMP248505C5060AGN  INTEL SSDSC2CT060A3                     300i    
FDE Capable: Not Capable
FDE Enable: Disable
Secured: Unsecured
Locked: Unlocked
Needs EKM Attention: No
Foreign State: None 
Device Speed: 6.0Gb/s 
Link Speed: 6.0Gb/s 
Media Type: Solid State Device
Drive:  Not Certified
Drive Temperature : N/A
PI Eligibility:  No 
Drive is formatted for PI information:  No
PI: No PI
Port-0 :
Port status: Active
Port's Linkspeed: 6.0Gb/s 
Drive has flagged a S.M.A.R.T alert : No




Exit Code: 0x00
Adapter #0

Number of Virtual Disks: 2
Virtual Drive: 0 (Target Id: 0)
Name                :
RAID Level          : Primary-1, Secondary-0, RAID Level Qualifier-0
Size                : 54.947 GB
Sector Size         : 512
Mirror Data         : 54.947 GB
State               : Optimal
Strip Size          : 16 KB
Number Of Drives    : 2
Span Depth          : 1
Default Cache Policy: WriteThrough, ReadAhead, Cached, No Write Cache if Bad BBU
Current Cache Policy: WriteThrough, ReadAhead, Cached, No Write Cache if Bad BBU
Default Access Policy: Read/Write
Current Access Policy: Read/Write
Disk Cache Policy   : Enabled
Encryption Type     : None
Bad Blocks Exist: No
Is VD Cached: No
Number of Spans: 1
Span: 0 - Number of PDs: 2

PD: 0 Information
Enclosure Device ID: 252
Slot Number: 0
Drive's position: DiskGroup: 0, Span: 0, Arm: 0
Enclosure position: N/A
Device Id: 3
WWN: 0000000000000000
Sequence Number: 2
Media Error Count: 0
Other Error Count: 0
Predictive Failure Count: 0
Last Predictive Failure Event Seq Number: 0
PD Type: SATA

Raw Size: 55.899 GB [0x6fccf30 Sectors]
Non Coerced Size: 55.399 GB [0x6eccf30 Sectors]
Coerced Size: 54.947 GB [0x6de5000 Sectors]
Sector Size:  0
Firmware state: Online, Spun Up
Commissioned Spare : No
Emergency Spare : No
Device Firmware Level: 3.2 
Shield Counter: 0
Successful diagnostics completion on :  N/A
SAS Address(0): 0x4433221103000000
Connected Port Number: 3(path0) 
Inquiry Data: 601202100091        RunCore SSD                             FW3.3.2 
FDE Capable: Not Capable
FDE Enable: Disable
Secured: Unsecured
Locked: Unlocked
Needs EKM Attention: No
Foreign State: None 
Device Speed: 6.0Gb/s 
Link Speed: 6.0Gb/s 
Media Type: Solid State Device
Drive:  Not Certified
Drive Temperature :32C (89.60 F)
PI Eligibility:  No 
Drive is formatted for PI information:  No
PI: No PI
Port-0 :
Port status: Active
Port's Linkspeed: 6.0Gb/s 
Drive has flagged a S.M.A.R.T alert : No




PD: 1 Information
Enclosure Device ID: 252
Slot Number: 1
Drive's position: DiskGroup: 0, Span: 0, Arm: 1
Enclosure position: N/A
Device Id: 2
WWN: 0000000000000000
Sequence Number: 2
Media Error Count: 0
Other Error Count: 0
Predictive Failure Count: 0
Last Predictive Failure Event Seq Number: 0
PD Type: SATA

Raw Size: 55.899 GB [0x6fccf30 Sectors]
Non Coerced Size: 55.399 GB [0x6eccf30 Sectors]
Coerced Size: 54.947 GB [0x6de5000 Sectors]
Sector Size:  0
Firmware state: Online, Spun Up
Commissioned Spare : No
Emergency Spare : No
Device Firmware Level: 3.2 
Shield Counter: 0
Successful diagnostics completion on :  N/A
SAS Address(0): 0x4433221102000000
Connected Port Number: 2(path0) 
Inquiry Data: 601202100237        RunCore SSD                             FW3.3.2 
FDE Capable: Not Capable
FDE Enable: Disable
Secured: Unsecured
Locked: Unlocked
Needs EKM Attention: No
Foreign State: None 
Device Speed: 6.0Gb/s 
Link Speed: 6.0Gb/s 
Media Type: Solid State Device
Drive:  Not Certified
Drive Temperature :33C (91.40 F)
PI Eligibility:  No 
Drive is formatted for PI information:  No
PI: No PI
Port-0 :
Port status: Active
Port's Linkspeed: 6.0Gb/s 
Drive has flagged a S.M.A.R.T alert : No



Virtual Drive: 1 (Target Id: 1)
Name                :META
RAID Level          : Primary-1, Secondary-0, RAID Level Qualifier-0
Size                : 54.947 GB
Sector Size         : 512
Mirror Data         : 54.947 GB
State               : Optimal
Strip Size          : 16 KB
Number Of Drives    : 2
Span Depth          : 1
Default Cache Policy: WriteThrough, ReadAhead, Cached, No Write Cache if Bad BBU
Current Cache Policy: WriteThrough, ReadAhead, Cached, No Write Cache if Bad BBU
Default Access Policy: Read/Write
Current Access Policy: Read/Write
Disk Cache Policy   : Enabled
Encryption Type     : None
Bad Blocks Exist: No
Is VD Cached: No
Number of Spans: 1
Span: 0 - Number of PDs: 2

PD: 0 Information
Enclosure Device ID: 252
Slot Number: 2
Drive's position: DiskGroup: 1, Span: 0, Arm: 0
Enclosure position: N/A
Device Id: 1
WWN: 5001517bb2969f42
Sequence Number: 2
Media Error Count: 0
Other Error Count: 0
Predictive Failure Count: 0
Last Predictive Failure Event Seq Number: 0
PD Type: SATA

Raw Size: 55.899 GB [0x6fccf30 Sectors]
Non Coerced Size: 55.399 GB [0x6eccf30 Sectors]
Coerced Size: 54.947 GB [0x6de5000 Sectors]
Sector Size:  0
Firmware state: Online, Spun Up
Commissioned Spare : No
Emergency Spare : No
Device Firmware Level: 300i
Shield Counter: 0
Successful diagnostics completion on :  N/A
SAS Address(0): 0x4433221101000000
Connected Port Number: 1(path0) 
Inquiry Data: CVMP223500PU060AGN  INTEL SSDSC2CT060A3                     300i    
FDE Capable: Not Capable
FDE Enable: Disable
Secured: Unsecured
Locked: Unlocked
Needs EKM Attention: No
Foreign State: None 
Device Speed: 6.0Gb/s 
Link Speed: 6.0Gb/s 
Media Type: Solid State Device
Drive:  Not Certified
Drive Temperature : N/A
PI Eligibility:  No 
Drive is formatted for PI information:  No
PI: No PI
Port-0 :
Port status: Active
Port's Linkspeed: 6.0Gb/s 
Drive has flagged a S.M.A.R.T alert : No




PD: 1 Information
Enclosure Device ID: 252
Slot Number: 3
Drive's position: DiskGroup: 1, Span: 0, Arm: 1
Enclosure position: N/A
Device Id: 0
WWN: 5001517803cf59f2
Sequence Number: 2
Media Error Count: 0
Other Error Count: 0
Predictive Failure Count: 0
Last Predictive Failure Event Seq Number: 0
PD Type: SATA

Raw Size: 55.899 GB [0x6fccf30 Sectors]
Non Coerced Size: 55.399 GB [0x6eccf30 Sectors]
Coerced Size: 54.947 GB [0x6de5000 Sectors]
Sector Size:  0
Firmware state: Online, Spun Up
Commissioned Spare : No
Emergency Spare : No
Device Firmware Level: 300i
Shield Counter: 0
Successful diagnostics completion on :  N/A
SAS Address(0): 0x4433221100000000
Connected Port Number: 0(path0) 
Inquiry Data: CVMP248505C5060AGN  INTEL SSDSC2CT060A3                     300i    
FDE Capable: Not Capable
FDE Enable: Disable
Secured: Unsecured
Locked: Unlocked
Needs EKM Attention: No
Foreign State: None 
Device Speed: 6.0Gb/s 
Link Speed: 6.0Gb/s 
Media Type: Solid State Device
Drive:  Not Certified
Drive Temperature : N/A
PI Eligibility:  No 
Drive is formatted for PI information:  No
PI: No PI
Port-0 :
Port status: Active
Port's Linkspeed: 6.0Gb/s 
Drive has flagged a S.M.A.R.T alert : No




Exit Code: 0x00
Adapter #0

Number of Virtual Disks: 2
Virtual Drive: 0 (Target Id: 0)
Name                :
RAID Level          : Primary-1, Secondary-0, RAID Level Qualifier-0
Size                : 54.947 GB
Sector Size         : 512
Mirror Data         : 54.947 GB
State               : Optimal
Strip Size          : 16 KB
Number Of Drives    : 2
Span Depth          : 1
Default Cache Policy: WriteThrough, ReadAhead, Cached, No Write Cache if Bad BBU
Current Cache Policy: WriteThrough, ReadAhead, Cached, No Write Cache if Bad BBU
Default Access Policy: Read/Write
Current Access Policy: Read/Write
Disk Cache Policy   : Enabled
Encryption Type     : None
Bad Blocks Exist: No
Is VD Cached: No
Number of Spans: 1
Span: 0 - Number of PDs: 2

PD: 0 Information
Enclosure Device ID: 252
Slot Number: 0
Drive's position: DiskGroup: 0, Span: 0, Arm: 0
Enclosure position: N/A
Device Id: 3
WWN: 0000000000000000
Sequence Number: 2
Media Error Count: 0
Other Error Count: 0
Predictive Failure Count: 0
Last Predictive Failure Event Seq Number: 0
PD Type: SATA

Raw Size: 55.899 GB [0x6fccf30 Sectors]
Non Coerced Size: 55.399 GB [0x6eccf30 Sectors]
Coerced Size: 54.947 GB [0x6de5000 Sectors]
Sector Size:  0
Firmware state: Online, Spun Up
Commissioned Spare : No
Emergency Spare : No
Device Firmware Level: 3.2 
Shield Counter: 0
Successful diagnostics completion on :  N/A
SAS Address(0): 0x4433221103000000
Connected Port Number: 3(path0) 
Inquiry Data: 601202100091        RunCore SSD                             FW3.3.2 
FDE Capable: Not Capable
FDE Enable: Disable
Secured: Unsecured
Locked: Unlocked
Needs EKM Attention: No
Foreign State: None 
Device Speed: 6.0Gb/s 
Link Speed: 6.0Gb/s 
Media Type: Solid State Device
Drive:  Not Certified
Drive Temperature :32C (89.60 F)
PI Eligibility:  No 
Drive is formatted for PI information:  No
PI: No PI
Port-0 :
Port status: Active
Port's Linkspeed: 6.0Gb/s 
Drive has flagged a S.M.A.R.T alert : No




PD: 1 Information
Enclosure Device ID: 252
Slot Number: 1
Drive's position: DiskGroup: 0, Span: 0, Arm: 1
Enclosure position: N/A
Device Id: 2
WWN: 0000000000000000
Sequence Number: 2
Media Error Count: 0
Other Error Count: 0
Predictive Failure Count: 0
Last Predictive Failure Event Seq Number: 0
PD Type: SATA

Raw Size: 55.899 GB [0x6fccf30 Sectors]
Non Coerced Size: 55.399 GB [0x6eccf30 Sectors]
Coerced Size: 54.947 GB [0x6de5000 Sectors]
Sector Size:  0
Firmware state: Online, Spun Up
Commissioned Spare : No
Emergency Spare : No
Device Firmware Level: 3.2 
Shield Counter: 0
Successful diagnostics completion on :  N/A
SAS Address(0): 0x4433221102000000
Connected Port Number: 2(path0) 
Inquiry Data: 601202100237        RunCore SSD                             FW3.3.2 
FDE Capable: Not Capable
FDE Enable: Disable
Secured: Unsecured
Locked: Unlocked
Needs EKM Attention: No
Foreign State: None 
Device Speed: 6.0Gb/s 
Link Speed: 6.0Gb/s 
Media Type: Solid State Device
Drive:  Not Certified
Drive Temperature :33C (91.40 F)
PI Eligibility:  No 
Drive is formatted for PI information:  No
PI: No PI
Port-0 :
Port status: Active
Port's Linkspeed: 6.0Gb/s 
Drive has flagged a S.M.A.R.T alert : No



Virtual Drive: 1 (Target Id: 1)
Name                :META
RAID Level          : Primary-1, Secondary-0, RAID Level Qualifier-0
Size                : 54.947 GB
Sector Size         : 512
Mirror Data         : 54.947 GB
State               : Optimal
Strip Size          : 16 KB
Number Of Drives    : 2
Span Depth          : 1
Default Cache Policy: WriteThrough, ReadAhead, Cached, No Write Cache if Bad BBU
Current Cache Policy: WriteThrough, ReadAhead, Cached, No Write Cache if Bad BBU
Default Access Policy: Read/Write
Current Access Policy: Read/Write
Disk Cache Policy   : Enabled
Encryption Type     : None
Bad Blocks Exist: No
Is VD Cached: No
Number of Spans: 1
Span: 0 - Number of PDs: 2

PD: 0 Information
Enclosure Device ID: 252
Slot Number: 2
Drive's position: DiskGroup: 1, Span: 0, Arm: 0
Enclosure position: N/A
Device Id: 1
WWN: 5001517bb2969f42
Sequence Number: 2
Media Error Count: 0
Other Error Count: 0
Predictive Failure Count: 0
Last Predictive Failure Event Seq Number: 0
PD Type: SATA

Raw Size: 55.899 GB [0x6fccf30 Sectors]
Non Coerced Size: 55.399 GB [0x6eccf30 Sectors]
Coerced Size: 54.947 GB [0x6de5000 Sectors]
Sector Size:  0
Firmware state: Online, Spun Up
Commissioned Spare : No
Emergency Spare : No
Device Firmware Level: 300i
Shield Counter: 0
Successful diagnostics completion on :  N/A
SAS Address(0): 0x4433221101000000
Connected Port Number: 1(path0) 
Inquiry Data: CVMP223500PU060AGN  INTEL SSDSC2CT060A3                     300i    
FDE Capable: Not Capable
FDE Enable: Disable
Secured: Unsecured
Locked: Unlocked
Needs EKM Attention: No
Foreign State: None 
Device Speed: 6.0Gb/s 
Link Speed: 6.0Gb/s 
Media Type: Solid State Device
Drive:  Not Certified
Drive Temperature : N/A
PI Eligibility:  No 
Drive is formatted for PI information:  No
PI: No PI
Port-0 :
Port status: Active
Port's Linkspeed: 6.0Gb/s 
Drive has flagged a S.M.A.R.T alert : No




PD: 1 Information
Enclosure Device ID: 252
Slot Number: 3
Drive's position: DiskGroup: 1, Span: 0, Arm: 1
Enclosure position: N/A
Device Id: 0
WWN: 5001517803cf59f2
Sequence Number: 2
Media Error Count: 0
Other Error Count: 0
Predictive Failure Count: 0
Last Predictive Failure Event Seq Number: 0
PD Type: SATA

Raw Size: 55.899 GB [0x6fccf30 Sectors]
Non Coerced Size: 55.399 GB [0x6eccf30 Sectors]
Coerced Size: 54.947 GB [0x6de5000 Sectors]
Sector Size:  0
Firmware state: Online, Spun Up
Commissioned Spare : No
Emergency Spare : No
Device Firmware Level: 300i
Shield Counter: 0
Successful diagnostics completion on :  N/A
SAS Address(0): 0x4433221100000000
Connected Port Number: 0(path0) 
Inquiry Data: CVMP248505C5060AGN  INTEL SSDSC2CT060A3                     300i    
FDE Capable: Not Capable
FDE Enable: Disable
Secured: Unsecured
Locked: Unlocked
Needs EKM Attention: No
Foreign State: None 
Device Speed: 6.0Gb/s 
Link Speed: 6.0Gb/s 
Media Type: Solid State Device
Drive:  Not Certified
Drive Temperature : N/A
PI Eligibility:  No 
Drive is formatted for PI information:  No
PI: No PI
Port-0 :
Port status: Active
Port's Linkspeed: 6.0Gb/s 
Drive has flagged a S.M.A.R.T alert : No




Exit Code: 0x00
