commit f32cafb8d3d0b27f0317dc0cc0a9882823a47303
Author: kubin <kubin@bcc6b92c-07db-4d3c-9c75-b2e2f708318a>
Date:   Fri Jan 14 14:08:35 2011 +0000

    change 0 to 0.0
    
    M    gama-1.9.07/lib/gamalib/local/results/text/test_linearization.h
    
    
    git-svn-id: http://slon.fsv.cvut.cz/svn/gizela@121 bcc6b92c-07db-4d3c-9c75-b2e2f708318a

commit 5fea04ab95f26356596a444e69a30080ba661ff1
Author: tomaskubin <tomaskubin@bcc6b92c-07db-4d3c-9c75-b2e2f708318a>
Date:   Thu Jan 13 22:55:31 2011 +0000

    new option --epoch-date in gama-data-obs.py
    
    M    trunk/bin/gama-data-obs.py
    M    trunk/gizela/data/Network.py
    
    
    git-svn-id: http://slon.fsv.cvut.cz/svn/gizela@120 bcc6b92c-07db-4d3c-9c75-b2e2f708318a

commit bcf1609ccbd42bc8667c675e73d6f793982d37ae
Author: tomaskubin <tomaskubin@bcc6b92c-07db-4d3c-9c75-b2e2f708318a>
Date:   Tue Jan 11 23:44:34 2011 +0000

    implementation of transformation of points - finished
    
    M    trunk/bin/gama-data-adj.py
    M    trunk/bin/Makefile
    M    trunk/gizela/tran/TranBase.py
    M    trunk/gizela/pyplot/PlotPoint.py
    M    trunk/gizela/pyplot/FigureLayoutErrEll.py
    M    trunk/gizela/data/Network.py
    M    trunk/gizela/data/PointListCovMat.py
    M    trunk/gizela/data/CovMatApri.py
    M    trunk/gizela/data/CovMat.py
    M    trunk/gizela/data/PointCartCovMat.py
    
    
    git-svn-id: http://slon.fsv.cvut.cz/svn/gizela@119 bcc6b92c-07db-4d3c-9c75-b2e2f708318a

commit f269f582c77ee04b1b025aa7ba4ce8058f38ca04
Author: kubin <kubin@bcc6b92c-07db-4d3c-9c75-b2e2f708318a>
Date:   Thu Jan 6 15:29:07 2011 +0000

    implementation of transformation of point PointCartCovMat with covariance matrix
    
    M    trunk/bin/gama-data-adj.py
    M    trunk/gizela/data/Network.py
    M    trunk/gizela/data/PointListCovMat.py
    M    trunk/gizela/data/CovMat.py
    M    trunk/gizela/data/PointCart.py
    M    trunk/gizela/data/PointCartCovMat.py
    M    trunk/gizela/data/PointList.py
    
    
    git-svn-id: http://slon.fsv.cvut.cz/svn/gizela@118 bcc6b92c-07db-4d3c-9c75-b2e2f708318a

commit d379c58741930efff71609a272f71fe6321a6ffa
Author: tomaskubin <tomaskubin@bcc6b92c-07db-4d3c-9c75-b2e2f708318a>
Date:   Wed Jan 5 23:28:15 2011 +0000

    Transformation of point in class Network
    New option in script gama-loca-adj: --tran-point-2d
    
    M    trunk/bin/gama-data-adj.py
    M    trunk/bin/gama-data-obs.py
    M    trunk/bin/Makefile
    A    trunk/docs/epydoc-local.cfg
    M    trunk/docs/Makefile
    M    trunk/gizela/tran/Tran2D.py
    M    trunk/gizela/pyplot/default.cfg
    M    trunk/gizela/pyplot/FigureLayoutBase.py
    M    trunk/gizela/pyplot/FigureLayoutErrEll.py
    M    trunk/gizela/data/Network.py
    M    trunk/gizela/data/PointList.py
    
    
    git-svn-id: http://slon.fsv.cvut.cz/svn/gizela@117 bcc6b92c-07db-4d3c-9c75-b2e2f708318a

commit 3b1b096c9d36e639d1abe2bd6e16386c311491b2
Author: tomaskubin <tomaskubin@bcc6b92c-07db-4d3c-9c75-b2e2f708318a>
Date:   Fri Dec 17 16:04:37 2010 +0000

    M    trunk/gizela/data/NetworkAdjList.py
    	bug removed: method _plot_epoch_list_displacement_xy
    M    trunk/gizela/stat/DisplacementTest.py
    
    
    git-svn-id: http://slon.fsv.cvut.cz/svn/gizela@116 bcc6b92c-07db-4d3c-9c75-b2e2f708318a

commit 32b74031e7ec4ae090b16b0a6dd685089d2d4603
Author: tomaskubin <tomaskubin@bcc6b92c-07db-4d3c-9c75-b2e2f708318a>
Date:   Wed Dec 15 00:05:25 2010 +0000

    M    trunk/gizela/data/NetworkAdjList.py     bug in plot_xy method
    
    
    git-svn-id: http://slon.fsv.cvut.cz/svn/gizela@115 bcc6b92c-07db-4d3c-9c75-b2e2f708318a

commit e00467641f86dac73bbf92ad4b884acc34af8468
Author: tomaskubin <tomaskubin@bcc6b92c-07db-4d3c-9c75-b2e2f708318a>
Date:   Tue Dec 14 02:30:56 2010 +0000

    M    gama-1.9.07/lib/gamalib/local/results/text/residuals_observations.h
    	write residuals for degrees of freedom == 1
    M    trunk/bin/gama-data-obs.py
    M    trunk/gizela/corr/ObsCorrSphere.py
    M    trunk/gizela/data/Network.py
    M    trunk/gizela/data/ObsClusterBase.py
    M    trunk/gizela/data/ObsClusterList.py
    M    trunk/gizela/data/ObsCluster.py
    M    trunk/gizela/data/ObsBase.py
    
    
    git-svn-id: http://slon.fsv.cvut.cz/svn/gizela@114 bcc6b92c-07db-4d3c-9c75-b2e2f708318a

commit cf060409437a4ae87b884d08085a9c93613596c4
Author: kubin <kubin@bcc6b92c-07db-4d3c-9c75-b2e2f708318a>
Date:   Mon Dec 13 16:54:52 2010 +0000

    average of direction and distance
    
    M    trunk/gizela/data/Network.py
    M    trunk/gizela/data/ObsClusterList.py
    
    
    git-svn-id: http://slon.fsv.cvut.cz/svn/gizela@113 bcc6b92c-07db-4d3c-9c75-b2e2f708318a

commit b28bcdbd461f30b2b9dd88f2ff9f3059100ac482
Author: tomaskubin <tomaskubin@bcc6b92c-07db-4d3c-9c75-b2e2f708318a>
Date:   Mon Dec 13 00:12:41 2010 +0000

    average of some observations
    
    M    trunk/bin/gama-data-obs.py
    M    trunk/gizela/pyplot/FigureLayoutBase.py
    M    trunk/gizela/data/Network.py
    M    trunk/gizela/data/ObsClusterBase.py
    M    trunk/gizela/data/ObsClusterList.py
    
    
    git-svn-id: http://slon.fsv.cvut.cz/svn/gizela@112 bcc6b92c-07db-4d3c-9c75-b2e2f708318a

commit cabe1c7556bac4ba5a29a5c42cc379d4c2f06dd3
Author: kubin <kubin@bcc6b92c-07db-4d3c-9c75-b2e2f708318a>
Date:   Fri Dec 10 16:00:32 2010 +0000

    M    trunk/gizela/corr/ObsCorrSphere.py
    
    
    git-svn-id: http://slon.fsv.cvut.cz/svn/gizela@111 bcc6b92c-07db-4d3c-9c75-b2e2f708318a

commit 4e4ef8726fb18f3b89697e69580bc8cb99e814bf
Author: tomaskubin <tomaskubin@bcc6b92c-07db-4d3c-9c75-b2e2f708318a>
Date:   Thu Dec 9 23:46:36 2010 +0000

    M    trunk/bin/gama-data-adj.py
    M    trunk/gizela/corr/ObsCorrSphere.py
    M    trunk/gizela/data/EpochPointList.py
    M    trunk/gizela/data/NetworkAdjList.py
    M    trunk/gizela/stat/DisplacementTest.py
    
    
    git-svn-id: http://slon.fsv.cvut.cz/svn/gizela@110 bcc6b92c-07db-4d3c-9c75-b2e2f708318a

commit 198d5a8d3419e213bea8e231c874ee2aea9d8ffd
Author: kubin <kubin@bcc6b92c-07db-4d3c-9c75-b2e2f708318a>
Date:   Wed Dec 8 15:38:53 2010 +0000

    M    trunk/bin/gama-data-obs.py
    M    trunk/gizela/data/NetworkObsList.py
    M    trunk/gizela/data/NetworkList.py
    
    
    git-svn-id: http://slon.fsv.cvut.cz/svn/gizela@109 bcc6b92c-07db-4d3c-9c75-b2e2f708318a

commit 2b0fe4dc89bbf28a5fdd9e3033a819da0238c2c6
Author: tomaskubin <tomaskubin@bcc6b92c-07db-4d3c-9c75-b2e2f708318a>
Date:   Tue Dec 7 22:59:09 2010 +0000

    M    trunk/bin/gama-data-obs.py
    M    trunk/gizela/data/Network.py
    M    trunk/gizela/data/PointLocalGama.py
    M    trunk/gizela/data/PointCart.py
    M    trunk/gizela/data/NetworkAdjList.py
    M    trunk/gizela/data/PointList.py
    
    
    git-svn-id: http://slon.fsv.cvut.cz/svn/gizela@108 bcc6b92c-07db-4d3c-9c75-b2e2f708318a

commit 3ee9e9ab95972baf229d8879d30092ff6fe7338f
Author: tomaskubin <tomaskubin@bcc6b92c-07db-4d3c-9c75-b2e2f708318a>
Date:   Mon Dec 6 23:18:55 2010 +0000

    M    trunk/bin/gama-data-adj.py
    M    trunk/bin/gama-data-obs.py
    M    trunk/bin/Makefile
    M    trunk/example/xml-corr/xml-corr2.xml
    M    trunk/example/xml-corr/Makefile
    A    trunk/example/xml-corr/xml-corr2.corrected.xml
    A    trunk/example/code/iter.py
    M    trunk/gizela/test/gamalocalcorrtest.py
    M    trunk/gizela/corr/ObsCorrSphere.py
    M    trunk/gizela/pyplot/PlotPoint.py
    M    trunk/gizela/pyplot/FigureLayoutBase.py
    M    trunk/gizela/pyplot/FigureLayoutEpochList2D.py
    M    trunk/gizela/pyplot/FigureLayoutErrEll.py
    M    trunk/gizela/data/Network.py
    M    trunk/gizela/data/EpochPointList.py
    M    trunk/gizela/data/ObsClusterHeightDiff.py
    M    trunk/gizela/data/ObsClusterCoor.py
    M    trunk/gizela/data/ObsClusterBase.py
    M    trunk/gizela/data/ObsSDistance.py
    M    trunk/gizela/data/ObsClusterList.py
    M    trunk/gizela/data/ObsCluster.py
    M    trunk/gizela/data/NetworkObsList.py
    M    trunk/gizela/data/StandardDeviation.py
    M    trunk/gizela/data/NetworkAdjList.py
    M    trunk/gizela/data/ObsClusterVector.py
    M    trunk/gizela/data/PointCartCovMat.py
    M    trunk/gizela/data/NetworkList.py
    M    trunk/gizela/stat/ConfidenceScale.py
    M    trunk/gizela/util/gama_data_fun.py
    
    
    git-svn-id: http://slon.fsv.cvut.cz/svn/gizela@107 bcc6b92c-07db-4d3c-9c75-b2e2f708318a

commit b818d78018d0620803537eef75bd6e42f23ac24c
Author: tomaskubin <tomaskubin@bcc6b92c-07db-4d3c-9c75-b2e2f708318a>
Date:   Mon Nov 29 22:03:48 2010 +0000

    A    trunk/example/vim/.vimrc
    
    
    git-svn-id: http://slon.fsv.cvut.cz/svn/gizela@106 bcc6b92c-07db-4d3c-9c75-b2e2f708318a

commit 7cea44c135c41a25c80f0fa5d8cf24dc53486da5
Author: kubin <kubin@bcc6b92c-07db-4d3c-9c75-b2e2f708318a>
Date:   Mon Nov 29 16:02:56 2010 +0000

    testing of displacements for Prague Castle - small changes
    
    M    trunk/bin/gama-data-adj.py
    MM   trunk/bin/gama-data-obs.py
    
    
    git-svn-id: http://slon.fsv.cvut.cz/svn/gizela@105 bcc6b92c-07db-4d3c-9c75-b2e2f708318a

commit b3f100247fdab6214b887967c8708cc51252f1ba
Author: tomaskubin <tomaskubin@bcc6b92c-07db-4d3c-9c75-b2e2f708318a>
Date:   Mon Nov 29 00:20:34 2010 +0000

    bugs fixed
    
    M    trunk/bin/gama-data-obs.py
    M    trunk/gizela/data/Network.py
    
    
    git-svn-id: http://slon.fsv.cvut.cz/svn/gizela@104 bcc6b92c-07db-4d3c-9c75-b2e2f708318a

commit 222b82bcd4e7f2913f87f4eabcbb2c3976582e67
Author: tomaskubin <tomaskubin@bcc6b92c-07db-4d3c-9c75-b2e2f708318a>
Date:   Mon Nov 29 00:06:19 2010 +0000

    New class Network for both observations and adjustment.
    In classes GamaLocalDataObs and GamaLocalDataAdj is only parse_file function.
    All other methods from GamaLocalDataObs class were moved to class Network.
    
    M    trunk/bin/gama-data-adj.py
    MM   trunk/bin/gama-data-obs.py
    M    trunk/bin/Makefile
    M    trunk/example/xml-epoch/epoch0.gkfc
    M    trunk/example/xml-epoch/epoch1.gkfc
    M    trunk/example/xml-epoch/epoch2.gkfc
    M    trunk/example/xml-epoch/epoch3.gkfc
    M    trunk/example/xml-epoch/epoch4.gkfc
    M    trunk/example/xml-epoch/epoch5.gkfc
    M    trunk/example/vec/vec2008j.gkf
    M    trunk/gizela/xml/GamaLocalAdjParser.py
    M    trunk/gizela/xml/GamaLocalObsParser.py
    M    trunk/gizela/pyplot/PlotPoint.py
    M    trunk/gizela/pyplot/FigureLayoutBase.py
    M    trunk/gizela/pyplot/FigureLayoutEpochList2D.py
    M    trunk/gizela/pyplot/FigureLayoutErrEll.py
    A    trunk/gizela/data/Network.py
    D    trunk/gizela/data/GamaLocalDataList.py
    M    trunk/gizela/data/GamaLocalData.py
    D    trunk/gizela/data/GamaLocalDataObsList.py
    M    trunk/gizela/data/GamaLocalDataObs.py
    D    trunk/gizela/data/GamaLocalDataAdjList.py
    AM + trunk/gizela/data/NetworkObsList.py
    M    trunk/gizela/data/GamaLocalDataAdj.py
    M    trunk/gizela/data/StandardDeviation.py
    AM + trunk/gizela/data/NetworkAdjList.py
    AM + trunk/gizela/data/NetworkList.py
    _M   trunk/gizela/stat/displ_test_text_table.py
    M    trunk/gizela/util/CoordSystemLocal2D.py
    M    trunk/gizela/util/AxesOrientation.py
    M    trunk/gizela/util/CoordSystemLocal3D.py
    
    
    git-svn-id: http://slon.fsv.cvut.cz/svn/gizela@103 bcc6b92c-07db-4d3c-9c75-b2e2f708318a

commit 622b450422e4c542fc0a119ada56e31ae915ef58
Author: tomaskubin <tomaskubin@bcc6b92c-07db-4d3c-9c75-b2e2f708318a>
Date:   Mon Nov 22 23:58:35 2010 +0000

    M    gama-1.9.07/lib/gamalib/local/acord/reduce_to_ellipsoid.cpp
    M    trunk/bin/gama-data-adj.py
    M    trunk/bin/gama-data-obs.py
    M    trunk/example/xml-epoch/epoch0.gkfc
    M    trunk/example/xml-epoch/epoch1.gkfc
    M    trunk/example/xml-epoch/Makefile
    M    trunk/gizela/xml/GamaLocalAdjParser.py
    M    trunk/gizela/xml/GamaLocalObsParser.py
    A    trunk/gizela/pyplot/BackendSingleton.py
    M    trunk/gizela/pyplot/FigureLayoutBase.py
    M    trunk/gizela/pyplot/FigureLayoutEpochList2D.py
    M    trunk/gizela/pyplot/FigureLayoutErrEll.py
    M    trunk/gizela/data/PointListCovMat.py
    A    trunk/gizela/data/EpochPointList.py
    M    trunk/gizela/data/GamaLocalDataList.py
    M    trunk/gizela/data/GamaLocalData.py
    M    trunk/gizela/data/GamaLocalDataObsList.py
    M    trunk/gizela/data/GamaLocalDataObs.py
    M    trunk/gizela/data/ObsClusterBase.py
    M    trunk/gizela/data/ObsClusterList.py
    M    trunk/gizela/data/GamaLocalDataAdjList.py
    M    trunk/gizela/data/PointCartCovMat.py
    M    trunk/gizela/data/PointList.py
    M    trunk/gizela/stat/DisplacementTest.py
    M    trunk/gizela/util/CoordSystemLocal3D.py
    A    trunk/gizela/util/gama_data_fun.py
    
    
    git-svn-id: http://slon.fsv.cvut.cz/svn/gizela@102 bcc6b92c-07db-4d3c-9c75-b2e2f708318a

commit dbb3626ab02345beaae6d14102616f3ae008c548
Author: michal <michal@bcc6b92c-07db-4d3c-9c75-b2e2f708318a>
Date:   Sat Nov 20 21:05:13 2010 +0000

    Bug fix - correction na respect central point z axis and height above reference ellipsoid
    Other minor changes done.
    
    git-svn-id: http://slon.fsv.cvut.cz/svn/gizela@101 bcc6b92c-07db-4d3c-9c75-b2e2f708318a

commit 2ebfd246f82fa2230721c28c802cbc815774e386
Author: michal <michal@bcc6b92c-07db-4d3c-9c75-b2e2f708318a>
Date:   Fri Nov 19 15:30:32 2010 +0000

    Added ObsClusterList as parametr of ObsCorrSphere to make obseravtion accesible to "corr" object
    Function "correct_direction" modified to first look for avaible zAngles values and if None use coordinates
    
    git-svn-id: http://slon.fsv.cvut.cz/svn/gizela@100 bcc6b92c-07db-4d3c-9c75-b2e2f708318a

commit 2f308d32c210b0d793ce88227194ccddf143d063
Author: michal <michal@bcc6b92c-07db-4d3c-9c75-b2e2f708318a>
Date:   Fri Nov 19 13:30:12 2010 +0000

    Generator iter_obs_from_to(self, obsClass, fromid, toid) added
    
    git-svn-id: http://slon.fsv.cvut.cz/svn/gizela@99 bcc6b92c-07db-4d3c-9c75-b2e2f708318a

commit 459b14ef585626aad0db9c5b6e28aaa965213efb
Author: kubin <kubin@bcc6b92c-07db-4d3c-9c75-b2e2f708318a>
Date:   Mon Nov 15 13:13:35 2010 +0000

    working on joined adjustment of multiple epoch
    
    M    trunk/bin/gama-data-obs.py
    M    trunk/bin/Makefile
    AM   trunk/example/code/list.index.py
    M    trunk/example/vec/vec2008j.gkf
    M    trunk/gizela/data/GamaLocalDataList.py
    M    trunk/gizela/data/GamaLocalData.py
    AM   trunk/gizela/data/GamaLocalDataObsList.py
    M    trunk/gizela/data/GamaLocalDataObs.py
    AM   trunk/gizela/data/GamaLocalDataAdjList.py
    M    trunk/gizela/data/ObsBase.py
    
    
    git-svn-id: http://slon.fsv.cvut.cz/svn/gizela@98 bcc6b92c-07db-4d3c-9c75-b2e2f708318a

commit ce5c1d1afe6bf70ab33db2f7d66b940bb9ae1a07
Author: kubin <kubin@bcc6b92c-07db-4d3c-9c75-b2e2f708318a>
Date:   Thu Nov 11 07:49:06 2010 +0000

    multiple epoch adjustment planning
    
    M    trunk/gizela/data/PointCartCovMat.py
    M    trunk/gizela/data/PointList.py
    M    trunk/gizela/stat/EpochPointList.py
    
    
    git-svn-id: http://slon.fsv.cvut.cz/svn/gizela@97 bcc6b92c-07db-4d3c-9c75-b2e2f708318a

commit 364b979fba152e3e61654d0a050a1479394ed38c
Author: tomaskubin <tomaskubin@bcc6b92c-07db-4d3c-9c75-b2e2f708318a>
Date:   Wed Nov 10 21:33:19 2010 +0000

    A    trunk/bin/coord.txt
    A    trunk/gizela/data/GamaLocalDataList.py   Class for set of GamaLocalData instances suitable for changing numbers of points
    M    trunk/gizela/data/GamaLocalData.py
    
    
    git-svn-id: http://slon.fsv.cvut.cz/svn/gizela@96 bcc6b92c-07db-4d3c-9c75-b2e2f708318a

commit 80ec3d2afb0557690684de61c2e7b29e11c0aa13
Author: michal <michal@bcc6b92c-07db-4d3c-9c75-b2e2f708318a>
Date:   Mon Nov 8 17:44:09 2010 +0000

    Added function for computing direction values from coordinates
    
    git-svn-id: http://slon.fsv.cvut.cz/svn/gizela@95 bcc6b92c-07db-4d3c-9c75-b2e2f708318a

commit d68e9498f04bd4e62e731a93cf1ffeb000d62864
Author: michal <michal@bcc6b92c-07db-4d3c-9c75-b2e2f708318a>
Date:   Mon Nov 8 16:39:36 2010 +0000

    Eclipse SVN crash restore
    
    git-svn-id: http://slon.fsv.cvut.cz/svn/gizela@94 bcc6b92c-07db-4d3c-9c75-b2e2f708318a

commit 319514c07f07ec722d1eb6712cd35d19027b5e7e
Author: kubin <kubin@bcc6b92c-07db-4d3c-9c75-b2e2f708318a>
Date:   Mon Nov 8 14:40:36 2010 +0000

    changing of point ids for joined epoch adjustment done.
    separating of joined adjustment under construction
    
    AM   trunk/ptags.py
    M    trunk/bin/gama-data-obs.py
    M    trunk/gizela/data/GamaLocalData.py
    M    trunk/gizela/data/GamaLocalDataObs.py
    M    trunk/gizela/data/ObsClusterBase.py
    M    trunk/gizela/data/ObsClusterList.py
    M    trunk/gizela/data/ObsBase.py
    M    trunk/gizela/data/PointBase.py
    M    trunk/gizela/data/PointList.py
    M    trunk/gizela/stat/EpochPointList.py
    
    
    git-svn-id: http://slon.fsv.cvut.cz/svn/gizela@93 bcc6b92c-07db-4d3c-9c75-b2e2f708318a

commit 18caf9fe58463a7391537a6a4a5d6fe3634d323b
Author: tomaskubin <tomaskubin@bcc6b92c-07db-4d3c-9c75-b2e2f708318a>
Date:   Sun Nov 7 21:47:51 2010 +0000

    M    gama-1.9.07/lib/gamalib/local/acord/reduce_to_ellipsoid.cpp
    	modification of computing of corrections
    M    trunk/bin/gama-data-obs.py
    	functions for changing points numbers and reading coordinates from file
    	with coordinate status
    M    trunk/bin/Makefile
    A    trunk/example/xml-corr/xml-corr2.xml
    	correction testing example with cube
    
    method change_id added - not tested yet
    M    trunk/gizela/data/ObsClusterBase.py
    M    trunk/gizela/data/ObsClusterList.py
    M    trunk/gizela/data/ObsBase.py
    M    trunk/gizela/data/PointBase.py
    M    trunk/gizela/data/PointList.py
    
    
    git-svn-id: http://slon.fsv.cvut.cz/svn/gizela@92 bcc6b92c-07db-4d3c-9c75-b2e2f708318a

commit 050f9754ad5a1f78e1af8394136e3757e7210591
Author: kubin <kubin@bcc6b92c-07db-4d3c-9c75-b2e2f708318a>
Date:   Fri Nov 5 13:36:16 2010 +0000

    M    trunk/gizela/data/GamaLocalData.py default value for stdev in tag <points-observations> changed - defaults are now None
    
    
    git-svn-id: http://slon.fsv.cvut.cz/svn/gizela@91 bcc6b92c-07db-4d3c-9c75-b2e2f708318a

commit 0730edab0ced76f4fcba2d4f4d53939a263038b1
Author: tomaskubin <tomaskubin@bcc6b92c-07db-4d3c-9c75-b2e2f708318a>
Date:   Thu Nov 4 22:27:38 2010 +0000

    M    trunk/bin/gama-data-obs.py new option --point-detele-all and --file-coord
    M    trunk/bin/Makefile
    M    trunk/example/xml-corr/Makefile
    M    trunk/gizela/test/gamalocalcorrtest.py
    M    trunk/gizela/data/GamaLocalData.py
    M    trunk/gizela/data/GamaLocalDataObs.py
    M    trunk/gizela/data/GamaCoordStatus.py
    
    
    git-svn-id: http://slon.fsv.cvut.cz/svn/gizela@90 bcc6b92c-07db-4d3c-9c75-b2e2f708318a

commit cea11ab28e7bc7beb7c1e827a84cfe57a1a5667e
Author: michal <michal@bcc6b92c-07db-4d3c-9c75-b2e2f708318a>
Date:   Thu Nov 4 18:36:36 2010 +0000

    Compute correction with respect to axesOri and bearingOri is done.
    
    git-svn-id: http://slon.fsv.cvut.cz/svn/gizela@89 bcc6b92c-07db-4d3c-9c75-b2e2f708318a

commit 9347ed1e3baf7fa748f0a0f184bb26e2c1491946
Author: kubin <kubin@bcc6b92c-07db-4d3c-9c75-b2e2f708318a>
Date:   Wed Nov 3 15:19:38 2010 +0000

    syntax bug repared
    
    M    trunk/gizela/util/CoordSystemLocal3D.py
    
    
    git-svn-id: http://slon.fsv.cvut.cz/svn/gizela@88 bcc6b92c-07db-4d3c-9c75-b2e2f708318a

commit c088de244bc63d9ff3c30444af9bfd66a021b710
Author: michal <michal@bcc6b92c-07db-4d3c-9c75-b2e2f708318a>
Date:   Wed Nov 3 15:13:12 2010 +0000

    Property centralPointGeo and centralPointLoc removed(commented).  DataLocalGamaObs access these atributes throught its atribute coorSystemLocal.
    
    git-svn-id: http://slon.fsv.cvut.cz/svn/gizela@87 bcc6b92c-07db-4d3c-9c75-b2e2f708318a

commit 5711c46ac35a7a768428116efc1190e83f5e158f
Author: kubin <kubin@bcc6b92c-07db-4d3c-9c75-b2e2f708318a>
Date:   Wed Nov 3 15:10:07 2010 +0000

    modify transformation to local system
    
    A    trunk/example/matlab/prumer.m
    M    trunk/gizela/util/CoordSystemLocal3D.py
    
    
    git-svn-id: http://slon.fsv.cvut.cz/svn/gizela@86 bcc6b92c-07db-4d3c-9c75-b2e2f708318a

commit f27a602e3a11aa1e1d1356ff190df39fc6eaed31
Author: michal <michal@bcc6b92c-07db-4d3c-9c75-b2e2f708318a>
Date:   Wed Nov 3 14:02:46 2010 +0000

    Revision of gama-local correction.
    
    git-svn-id: http://slon.fsv.cvut.cz/svn/gizela@85 bcc6b92c-07db-4d3c-9c75-b2e2f708318a

commit 243dc2fe8785c4edd1ac4da80f3878995f559f49
Author: tomaskubin <tomaskubin@bcc6b92c-07db-4d3c-9c75-b2e2f708318a>
Date:   Mon Nov 1 21:58:35 2010 +0000

    M    gama-1.9.07/gama-local/gama-local-main.h
    M    gama-1.9.07/lib/gamalib/local/acord/reduce_to_ellipsoid.h
    M    gama-1.9.07/lib/gamalib/local/acord/reduce_to_ellipsoid.cpp
    M    gama-1.9.07/lib/gamalib/local/results/text/reduced_observations_to_ellipsoid.h
    M    trunk/bin/Makefile
    A    trunk/example/xml-corr/corr1.gkf
    A    trunk/example/xml-corr/Makefile
    M    trunk/gizela/data/ObsCluster.py
    
    
    git-svn-id: http://slon.fsv.cvut.cz/svn/gizela@84 bcc6b92c-07db-4d3c-9c75-b2e2f708318a

commit d6a1da6519dc726bba0e0071b320ccae00cebd94
Author: michal <michal@bcc6b92c-07db-4d3c-9c75-b2e2f708318a>
Date:   Sat Oct 30 22:24:24 2010 +0000

    New methods for computation observation values implemented. Real function not writen yet.
    
    git-svn-id: http://slon.fsv.cvut.cz/svn/gizela@83 bcc6b92c-07db-4d3c-9c75-b2e2f708318a

commit 6dba812e7b09313bc660110d408a13b3e16ad4c2
Author: michal <michal@bcc6b92c-07db-4d3c-9c75-b2e2f708318a>
Date:   Sat Oct 30 22:15:55 2010 +0000

    New methods for computation observation values implemented. Real function not writen yet.
    
    git-svn-id: http://slon.fsv.cvut.cz/svn/gizela@82 bcc6b92c-07db-4d3c-9c75-b2e2f708318a

commit 436b4d784d5d33ba08a6fe5747d5afbcaee40290
Author: michal <michal@bcc6b92c-07db-4d3c-9c75-b2e2f708318a>
Date:   Sat Oct 30 20:42:11 2010 +0000

    The return value of correction methods is needed.
    
    git-svn-id: http://slon.fsv.cvut.cz/svn/gizela@81 bcc6b92c-07db-4d3c-9c75-b2e2f708318a

commit b3bb980e4b0d4cc2b4a56bb0cb74ecd4ac4aabf4
Author: michal <michal@bcc6b92c-07db-4d3c-9c75-b2e2f708318a>
Date:   Thu Oct 28 22:45:54 2010 +0000

    Correction on Sphere - testing
    
    git-svn-id: http://slon.fsv.cvut.cz/svn/gizela@80 bcc6b92c-07db-4d3c-9c75-b2e2f708318a

commit bf984d4a05470f1eaf95f0fba61778ea44a45682
Author: michal <michal@bcc6b92c-07db-4d3c-9c75-b2e2f708318a>
Date:   Thu Oct 28 22:45:23 2010 +0000

    git-svn-id: http://slon.fsv.cvut.cz/svn/gizela@79 bcc6b92c-07db-4d3c-9c75-b2e2f708318a

commit c66b48c7ba8b778048a53acc9c8c3aa6ae387ef9
Author: tomaskubin <tomaskubin@bcc6b92c-07db-4d3c-9c75-b2e2f708318a>
Date:   Sun Oct 24 19:05:44 2010 +0000

    small changes
    
    M    trunk/bin/gama-data-adj.py
    M    trunk/example/xml-epoch/epoch0.gkfc
    M    trunk/gizela/data/PointLocalGama.py
    M    trunk/gizela/stat/EpochList.py
    
    
    git-svn-id: http://slon.fsv.cvut.cz/svn/gizela@78 bcc6b92c-07db-4d3c-9c75-b2e2f708318a

commit bee76d18459700fe5ef02c5dc59a4b2bc992cf68
Author: tomaskubin <tomaskubin@bcc6b92c-07db-4d3c-9c75-b2e2f708318a>
Date:   Fri Oct 22 21:20:05 2010 +0000

    D    trunk/gizela/data/AxesOrientation.py
    
    
    git-svn-id: http://slon.fsv.cvut.cz/svn/gizela@77 bcc6b92c-07db-4d3c-9c75-b2e2f708318a

commit 5c0f968714e16efe55f19e14b13cb58fae928d62
Author: tomaskubin <tomaskubin@bcc6b92c-07db-4d3c-9c75-b2e2f708318a>
Date:   Fri Oct 22 21:19:21 2010 +0000

    AM + trunk/bin/gama-data-adj.py
    M    trunk/bin/compare_obs.py
    A    trunk/bin/coor_xy.txt
    D    trunk/bin/view_gama_adj.py
    AM   trunk/bin/gama-data-obs.py
    MM   trunk/bin/tran_vec.py
    A    trunk/bin/example.cfg
    A    trunk/bin/coor_xyz.txt
    M    trunk/bin/Makefile
    A    trunk/example/code/del_self.py
    AM   trunk/example/code/super.pdf
    A    trunk/example/code/mro-example1-1.py
    A    trunk/example/code/mro-example1-2.py
    A    trunk/example/code/mro-example1-3.py
    A    trunk/example/pol
    A    trunk/example/pol/pol2008j-3d.gkf
    M    trunk/example/xml-epoch/epoch0.gkfc
    M    trunk/example/xml-epoch/epoch2.gkfc
    M    trunk/example/vec/vec2008j.gkf
    A    trunk/example/vec/vec2008j-lgo.gkfc
    A    trunk/example/vec/Makefile
    M    trunk/gizela/xml/GamaLocalAdjParser.py
    M    trunk/gizela/xml/GamaLocalObsParser.py
    M    trunk/gizela/tran/Tran2D.py
    M    trunk/gizela/tran/Tran3D.py
    M    trunk/gizela/tran/TranBase.py
    M    trunk/gizela/pyplot/PlotPoint.py
    M    trunk/gizela/pyplot/FigureLayoutBase.py
    M    trunk/gizela/pyplot/FigureLayoutEpochList1DTest.py
    M    trunk/gizela/pyplot/FigureLayoutEpochList2D.py
    M    trunk/gizela/pyplot/FigureLayoutEpochList2DTest.py
    M    trunk/gizela/pyplot/FigureLayoutErrEll.py
    M    trunk/gizela/data/PointLocalGama.py
    M    trunk/gizela/data/ObsVector.py
    M    trunk/gizela/data/GamaLocalData.py
    M    trunk/gizela/data/GamaLocalDataObs.py
    M    trunk/gizela/data/ObsClusterBase.py
    M    trunk/gizela/data/ObsClusterList.py
    M    trunk/gizela/data/ObsSDistance.py
    M    trunk/gizela/data/ObsCluster.py
    M    trunk/gizela/data/CoordSystemLocal.py
    M    trunk/gizela/data/CovMat.py
    M    trunk/gizela/data/PointGeodetic.py
    M    trunk/gizela/data/ObsDistance.py
    M    trunk/gizela/data/GamaCoordStatus.py
    M    trunk/gizela/data/PointCart.py
    M    trunk/gizela/data/StandardDeviation.py
    M    trunk/gizela/data/ObsClusterVector.py
    M    trunk/gizela/data/ObsBase.py
    M    trunk/gizela/data/PointList.py
    M    trunk/gizela/stat/EpochList.py
    M    trunk/gizela/stat/displ_test_text_table.py
    A    trunk/gizela/util/parse_central_point.py
    A    trunk/gizela/util/CoordSystemGlobal.py
    A    trunk/gizela/util/CoordSystemLocal2D.py
    A    trunk/gizela/util/AxesOrientation.py
    A    trunk/gizela/util/CoordSystemLocal3D.py
    A    trunk/gizela/util/parse_config_file.py
    M    trunk/gizela/util/Ellipsoid.py
    
    
    git-svn-id: http://slon.fsv.cvut.cz/svn/gizela@76 bcc6b92c-07db-4d3c-9c75-b2e2f708318a

commit 09b15d173ebeb7776e629e6bddee2edc62f51840
Author: michal <michal@bcc6b92c-07db-4d3c-9c75-b2e2f708318a>
Date:   Wed Sep 29 13:02:18 2010 +0000

    ???Old files wants to be added to SVN as new ones???
    
    git-svn-id: http://slon.fsv.cvut.cz/svn/gizela@75 bcc6b92c-07db-4d3c-9c75-b2e2f708318a

commit 7044efb2a45ffa397e72923ee91da1e65d4ced11
Author: tomaskubin <tomaskubin@bcc6b92c-07db-4d3c-9c75-b2e2f708318a>
Date:   Thu Sep 23 21:37:41 2010 +0000

    testing commit - works svn property?
    
    
    git-svn-id: http://slon.fsv.cvut.cz/svn/gizela@74 bcc6b92c-07db-4d3c-9c75-b2e2f708318a

commit 59b1c2874bbb384a5fe26625b0edb9b86e0a6e0b
Author: tomaskubin <tomaskubin@bcc6b92c-07db-4d3c-9c75-b2e2f708318a>
Date:   Thu Sep 23 18:24:53 2010 +0000

    new classes:
    A    trunk/gizela/pyplot/FigureLayoutEpochList1DTest.py
    A    trunk/gizela/pyplot/FigureLayoutEpochList2DTest.py
    A    trunk/gizela/pyplot/FigureLayoutErrEll.py
    A    trunk/gizela/data/CovMatApri.py
    A    trunk/gizela/data/CoordSystemLocal.py
    A    trunk/gizela/data/StandardDeviation.py
    A    trunk/gizela/data/AxesOrientation.py
    A    trunk/gizela/stat/DisplacementTest.py
    A    trunk/gizela/stat/ConfidenceScale.py
    
    
    git-svn-id: http://slon.fsv.cvut.cz/svn/gizela@73 bcc6b92c-07db-4d3c-9c75-b2e2f708318a

commit 23fbbd02724560c3e70c41bc584d5919048cb302
Author: tomaskubin <tomaskubin@bcc6b92c-07db-4d3c-9c75-b2e2f708318a>
Date:   Tue Sep 7 00:43:29 2010 +0000

    new Figure layouts for drawing coordinates and displacements
    new script view_gama_adj.py using EpochList class
    some new methods added in class Ellipsoid
    
    AM   trunk/bin/view_gama_adj.py
    A    trunk/example/matplotlib/MPL_size_test.py
    A    trunk/example/code/label_offset.py
    M    trunk/example/xml-epoch/epoch0.gkfc
    M    trunk/example/xml-epoch/epoch1.gkfc
    M    trunk/example/xml-epoch/epoch2.gkfc
    M    trunk/example/xml-epoch/epoch3.gkfc
    M    trunk/example/xml-epoch/epoch4.gkfc
    M    trunk/example/xml-epoch/epoch5.gkfc
    M    trunk/gizela/xml/GamaLocalAdjParser.py
    M    trunk/gizela/xml/GamaLocalObsParser.py
    M    trunk/gizela/pyplot/PlotPoint.py
    A    trunk/gizela/pyplot/default.cfg
    M    trunk/gizela/pyplot/PointStyleGama.py
    M    trunk/gizela/pyplot/ErrEllStyle.py
    M    trunk/gizela/pyplot/StdevStyle.py
    A    trunk/gizela/pyplot/FigureLayoutBase.py
    M    trunk/gizela/pyplot/PointStyle.py
    A    trunk/gizela/pyplot/FigureLayoutEpochList1D.py
    A    trunk/gizela/pyplot/FigureLayoutEpochList2D.py
    D    trunk/gizela/pyplot/Figure.py
    M    trunk/gizela/data/PointLocalGama.py
    M    trunk/gizela/data/GamaLocalData.py
    M    trunk/gizela/data/GamaLocalDataObs.py
    M    trunk/gizela/data/GamaLocalDataAdj.py
    M    trunk/gizela/data/GamaCoordStatus.py
    M    trunk/gizela/data/PointCart.py
    M    trunk/gizela/data/PointCartCovMat.py
    M    trunk/gizela/data/PointList.py
    D    trunk/gizela/stat/Displacement.py
    M    trunk/gizela/stat/EpochList.py
    M    trunk/gizela/stat/Epoch.py
    D    trunk/gizela/stat/DisplacementResultList.py
    M    trunk/gizela/stat/EpochPointList.py
    M    trunk/gizela/stat/displ_test_text_table.py
    M    trunk/gizela/stat/PointLocalGamaDisplTest.py
    D    trunk/gizela/stat/DisplacementResult.py
    M    trunk/gizela/util/Ellipsoid.py
    
    
    git-svn-id: http://slon.fsv.cvut.cz/svn/gizela@72 bcc6b92c-07db-4d3c-9c75-b2e2f708318a

commit ebb04f1eb1c2b63b4833f473a9c184f949f99831
Author: michal <michal@bcc6b92c-07db-4d3c-9c75-b2e2f708318a>
Date:   Mon Aug 30 22:01:20 2010 +0000

    Documentation improved
    
    git-svn-id: http://slon.fsv.cvut.cz/svn/gizela@71 bcc6b92c-07db-4d3c-9c75-b2e2f708318a

commit 5b9956b157fb0b2272ccf531071206d528276861
Author: kubin <kubin@bcc6b92c-07db-4d3c-9c75-b2e2f708318a>
Date:   Thu Aug 26 13:17:26 2010 +0000

    class EpochList: plot of fixed points added
    class EpochPointList: renamed iterator get_point(id) -> iter_point(id)
    		      iterator __iter__() returns generator of generators of points in epoch
    
    M    gizela/pyplot/ColorMap.py
    M    gizela/data/PointLocalGama.py
    M    gizela/data/PointCart.py
    M    gizela/data/PointList.py
    M    gizela/data/DUPLICATE_ID.py
    M    gizela/stat/EpochList.py
    M    gizela/stat/EpochPointList.py
    
    
    git-svn-id: http://slon.fsv.cvut.cz/svn/gizela@70 bcc6b92c-07db-4d3c-9c75-b2e2f708318a

commit 8b5dc15ef4c80140f0cbcf183a26d7e0777ec6e6
Author: tomaskubin <tomaskubin@bcc6b92c-07db-4d3c-9c75-b2e2f708318a>
Date:   Tue Aug 24 23:46:33 2010 +0000

    new classes:
    
    A    trunk/gizela/stat/TestResult.py			for results of testing point
    A    trunk/gizela/stat/PointDisplBase.py		base class for points with displacements
    A    trunk/gizela/stat/PointLocalGamaDisplTest.py	gama-local point with displacements and test results
    A    trunk/gizela/pyplot/PointStyleGama.py		plot style for PointLocalGama class
    
    
    
    git-svn-id: http://slon.fsv.cvut.cz/svn/gizela@69 bcc6b92c-07db-4d3c-9c75-b2e2f708318a

commit 94d26f8e7ccdd4b518f3e6efd83d6a99baba9e69
Author: tomaskubin <tomaskubin@bcc6b92c-07db-4d3c-9c75-b2e2f708318a>
Date:   Thu Aug 19 09:42:00 2010 +0000

    significant new classes:
    	EpochPointList	: class for handing PointList in several epochs
    	Epoch		: wrapper class for epoch data and other
    	EpochList	: list of Epochs - plotting functions 1d, 2d
    					 - point summary in epochs
    					 - uses EpochPointList
    
    significant changed classes:
    	PlotPoint	: plotting functions for plot points, labels,
    			  error ellipses, vector of displacements,
    			  plot x axis with epoch dates
    
    
    git-svn-id: http://slon.fsv.cvut.cz/svn/gizela@68 bcc6b92c-07db-4d3c-9c75-b2e2f708318a

commit 42d7b4e6812b43d7a1f8703edb7b80e1c700d406
Author: michal <michal@bcc6b92c-07db-4d3c-9c75-b2e2f708318a>
Date:   Tue Aug 3 16:10:35 2010 +0000

    Added functions for LLH <-> XYZ
    
    git-svn-id: http://slon.fsv.cvut.cz/svn/gizela@67 bcc6b92c-07db-4d3c-9c75-b2e2f708318a

commit 4b89655f299d4db2184a74e51814991c5e554147
Author: michal <michal@bcc6b92c-07db-4d3c-9c75-b2e2f708318a>
Date:   Tue Aug 3 11:55:06 2010 +0000

    All computation changed tu radian/meter units
    Documentation
    
    git-svn-id: http://slon.fsv.cvut.cz/svn/gizela@66 bcc6b92c-07db-4d3c-9c75-b2e2f708318a

commit ae88c5b527fcc97ee7dc346bb00facd27e4e2dcc
Author: michal <michal@bcc6b92c-07db-4d3c-9c75-b2e2f708318a>
Date:   Tue Aug 3 10:53:04 2010 +0000

    Gizela project files and directories basic structure
    
    git-svn-id: http://slon.fsv.cvut.cz/svn/gizela@65 bcc6b92c-07db-4d3c-9c75-b2e2f708318a

commit dabd03ad1ba3f589a218241182fec02066ca91fb
Author: michal <michal@bcc6b92c-07db-4d3c-9c75-b2e2f708318a>
Date:   Mon Jul 26 14:57:12 2010 +0000

    Improved documentation
    
    git-svn-id: http://slon.fsv.cvut.cz/svn/gizela@64 bcc6b92c-07db-4d3c-9c75-b2e2f708318a

commit 5fcf259477cb59e24b13a9320f0101c7ca8b4e32
Author: michal <michal@bcc6b92c-07db-4d3c-9c75-b2e2f708318a>
Date:   Mon Jul 26 14:38:53 2010 +0000

    __init__.py cleaned
    
    git-svn-id: http://slon.fsv.cvut.cz/svn/gizela@63 bcc6b92c-07db-4d3c-9c75-b2e2f708318a

commit 5ead86e691e406fe812582736606b59ce0e665bf
Author: michal <michal@bcc6b92c-07db-4d3c-9c75-b2e2f708318a>
Date:   Mon Jul 26 14:37:12 2010 +0000

    Class completed. Beta version.
    
    git-svn-id: http://slon.fsv.cvut.cz/svn/gizela@62 bcc6b92c-07db-4d3c-9c75-b2e2f708318a

commit ce71fc0d4482740e0a79997b11f19dba8c714959
Author: michal <michal@bcc6b92c-07db-4d3c-9c75-b2e2f708318a>
Date:   Mon Jul 26 13:15:25 2010 +0000

    make_gama_xml - self.val replaced with val to use corrected value
    
    git-svn-id: http://slon.fsv.cvut.cz/svn/gizela@61 bcc6b92c-07db-4d3c-9c75-b2e2f708318a

commit 1e0b18cddefc4eb8a3a59d691048d65240be20d3
Author: michal <michal@bcc6b92c-07db-4d3c-9c75-b2e2f708318a>
Date:   Sun Jul 25 16:04:49 2010 +0000

    math domain error
    
    git-svn-id: http://slon.fsv.cvut.cz/svn/gizela@60 bcc6b92c-07db-4d3c-9c75-b2e2f708318a

commit e1aad768498d81efadfabe77f09e5e65a740d4fa
Author: michal <michal@bcc6b92c-07db-4d3c-9c75-b2e2f708318a>
Date:   Sun Jul 25 15:56:27 2010 +0000

    math domain error
    
    git-svn-id: http://slon.fsv.cvut.cz/svn/gizela@59 bcc6b92c-07db-4d3c-9c75-b2e2f708318a

commit 5ef9ae8b43c8072d077a293db33c5c2054fc0d76
Author: michal <michal@bcc6b92c-07db-4d3c-9c75-b2e2f708318a>
Date:   Sun Jul 25 13:12:11 2010 +0000

    Data attributes indentifiers changed to Gizela standard
    
    git-svn-id: http://slon.fsv.cvut.cz/svn/gizela@58 bcc6b92c-07db-4d3c-9c75-b2e2f708318a

commit 77c66d34db6d3da76c8087a7f98a770b4d11cb0b
Author: kubin <kubin@bcc6b92c-07db-4d3c-9c75-b2e2f708318a>
Date:   Thu Jul 22 18:01:42 2010 +0000

    property svn:keywords Id sets to all files
    
    AM   trunk/bin/compare_obs.py		script for comparison of obseration
    A    trunk/bin/Makefile
    A    trunk/gizela/tran
    AM   trunk/gizela/tran/Tran2D.py	2D linear affine transformation
    AM   trunk/gizela/tran/Tran3D.py	3D linear affine transformation
    AM   trunk/gizela/tran/TranBase.py
    AM   trunk/gizela/tran/__init__.py
    MM   trunk/gizela/data/CovMat.py	method transform added
    MM   trunk/gizela/data/ObsVector.py	method transform added
    MM   trunk/gizela/data/ObsClusterCoor.py
    MM   trunk/gizela/data/ObsClusterVector.py	method transform added
    MM   trunk/gizela/data/GamaLocalData.py		method tran_local_vec added
    MM   trunk/gizela/data/GamaLocalDataObs.py
    MM   trunk/gizela/data/ObsSDistance.py
    MM   trunk/gizela/data/ObsClusterList.py
    MM   trunk/gizela/data/ObsZAngle.py
    MM   trunk/gizela/stat/CompareObs.py
    
    
    git-svn-id: http://slon.fsv.cvut.cz/svn/gizela@57 bcc6b92c-07db-4d3c-9c75-b2e2f708318a

commit cc5199ca08b40aaf5b32f6adeed91b6bf8c11059
Author: tomaskubin <tomaskubin@bcc6b92c-07db-4d3c-9c75-b2e2f708318a>
Date:   Wed Jul 21 23:26:09 2010 +0000

    M    trunk/gizela/data/CovMat.py
    M    trunk/gizela/data/ObsVector.py
    M    trunk/gizela/data/ObsClusterVector.py
    M    trunk/gizela/data/ObsBase.py
    M    trunk/gizela/stat/CompareObs.py   finished for vectors
    
    
    git-svn-id: http://slon.fsv.cvut.cz/svn/gizela@56 bcc6b92c-07db-4d3c-9c75-b2e2f708318a

commit 4ac030c7fd14573d216e7103e58236e19f9b86b5
Author: kubin <kubin@bcc6b92c-07db-4d3c-9c75-b2e2f708318a>
Date:   Wed Jul 21 17:38:42 2010 +0000

    M    trunk/example/xml1/Makefile
    M    trunk/example/code/data_attrib.py
    M    trunk/gizela/xml/GamaLocalAdjParser.py
    M    trunk/gizela/xml/GamaLocalObsParser.py
    M    trunk/gizela/pyplot/PlotPoint.py
    M    trunk/gizela/data/CovMat.py
    M    trunk/gizela/data/obs_table.py
    M    trunk/gizela/data/PointListCovMat.py
    M    trunk/gizela/data/ObsVector.py
    M    trunk/gizela/data/ObsClusterHeightDiff.py
    M    trunk/gizela/data/ObsClusterCoor.py
    M    trunk/gizela/data/GamaLocalData.py
    M    trunk/gizela/data/GamaLocalDataObs.py
    M    trunk/gizela/data/ObsBase.py
    M    trunk/gizela/data/ObsClusterBase.py
    M    trunk/gizela/data/PointBase.py
    M    trunk/gizela/data/ObsCluster.py
    M    trunk/gizela/stat/CompareObs.py
    A    trunk/gizela/util/Unit.py        units of observations
    
    
    git-svn-id: http://slon.fsv.cvut.cz/svn/gizela@55 bcc6b92c-07db-4d3c-9c75-b2e2f708318a

commit c51c5299a825ae0abeec2a28e2daf6030dcd1567
Author: tomaskubin <tomaskubin@bcc6b92c-07db-4d3c-9c75-b2e2f708318a>
Date:   Tue Jul 20 23:08:33 2010 +0000

    Makefiles added to run all *.py files
    units of observations resolved partially
    	internal RADIANS, gama xml output only in GONS
    	parsers do not handle units
    
    
    M    gizela/xml/GamaLocalAdjParser.py
    M    gizela/xml/Makefile
    A    gizela/text/Makefile
    A    gizela/corr/Makefile
    A    gizela/pyplot/Makefile
    M    gizela/data/PointLocalGama.py
    M    gizela/data/PointListCovMat.py
    M    gizela/data/ObsVector.py
    M    gizela/data/ObsClusterHeightDiff.py
    M    gizela/data/ObsClusterCoor.py
    M    gizela/data/ObsClusterBase.py
    M    gizela/data/ObsSDistance.py
    M    gizela/data/ObsDirection.py
    M    gizela/data/ObsZAngle.py
    M    gizela/data/ObsCluster.py
    A    gizela/data/Makefile
    M    gizela/data/CovMat.py
    M    gizela/data/GamaLocalDataAdj.py
    M    gizela/data/obs_table.py
    M    gizela/data/PointGeodetic.py
    M    gizela/data/ObsDistance.py
    M    gizela/data/PointListSimple.py
    M    gizela/data/PointCart.py
    D    gizela/data/GamaDataObs.py
    M    gizela/data/ObsHeightDiff.py
    M    gizela/data/ObsClusterVector.py
    M    gizela/data/PointCartCovMat.py
    M    gizela/data/ObsBase.py
    D    gizela/data/GamaDataAdj.py
    M    gizela/data/PointBase.py
    M    gizela/data/PointList.py
    A    gizela/stat/Makefile
    M    gizela/util/Ellipsoid.py
    A    gizela/util/Makefile
    M    gizela/util/Converter.py
    A    gizela/Makefile
    
    
    git-svn-id: http://slon.fsv.cvut.cz/svn/gizela@54 bcc6b92c-07db-4d3c-9c75-b2e2f708318a

commit 380226a41eef2bdab50ca31237f8640876cbe0e7
Author: kubin <kubin@bcc6b92c-07db-4d3c-9c75-b2e2f708318a>
Date:   Tue Jul 20 14:40:28 2010 +0000

    gama directory moved
    
    AM + gama-1.9.07
    D    trunk/example/gama-1.9.07
    D    trunk/example/gama
    A    trunk/example/code/data_attrib.py
    M    trunk/gizela/data/ObsClusterBase.py
    M    trunk/gizela/data/ObsCluster.py
    M    trunk/gizela/data/GamaLocalDataAdj.py
    M    trunk/gizela/data/CovMat.py        attribute mat - Numpy matrix
    M    trunk/gizela/data/obs_table.py
    MM   trunk/gizela/data/PointCart.py	reverted to revision 47
    MM   trunk/gizela/data/ObsBase.py       reverted to revision 47
    M    trunk/gizela/stat/CompareObs.py    under construction
    AM + gama
    
    
    git-svn-id: http://slon.fsv.cvut.cz/svn/gizela@53 bcc6b92c-07db-4d3c-9c75-b2e2f708318a

commit 501bfebe6c88ccdd90cdbeea78ada1c172d736b5
Author: michal <michal@bcc6b92c-07db-4d3c-9c75-b2e2f708318a>
Date:   Mon Jul 19 21:42:20 2010 +0000

    git-svn-id: http://slon.fsv.cvut.cz/svn/gizela@52 bcc6b92c-07db-4d3c-9c75-b2e2f708318a

commit 85359f002fa4d25670718c0fbcb1ffd2c74cab9d
Author: michal <michal@bcc6b92c-07db-4d3c-9c75-b2e2f708318a>
Date:   Mon Jul 19 20:49:32 2010 +0000

    git-svn-id: http://slon.fsv.cvut.cz/svn/gizela@51 bcc6b92c-07db-4d3c-9c75-b2e2f708318a

commit 3a4196ebd86b04ba14b46db216e905fb422a575d
Author: michal <michal@bcc6b92c-07db-4d3c-9c75-b2e2f708318a>
Date:   Mon Jul 19 20:21:51 2010 +0000

    Path changed to michal's account gizela mirror in accordance to crontab settings.
    
    git-svn-id: http://slon.fsv.cvut.cz/svn/gizela@50 bcc6b92c-07db-4d3c-9c75-b2e2f708318a

commit 7d9b91a72fa4344e4fc2571654ee167d0190d17a
Author: michal <michal@bcc6b92c-07db-4d3c-9c75-b2e2f708318a>
Date:   Mon Jul 19 15:47:01 2010 +0000

    git-svn-id: http://slon.fsv.cvut.cz/svn/gizela@49 bcc6b92c-07db-4d3c-9c75-b2e2f708318a

commit 2d6281fea5e39fc71c0f56d1e7bf1afe6f79498d
Author: michal <michal@bcc6b92c-07db-4d3c-9c75-b2e2f708318a>
Date:   Mon Jul 19 15:09:32 2010 +0000

    minor changes - code format - spaces
    
    git-svn-id: http://slon.fsv.cvut.cz/svn/gizela@48 bcc6b92c-07db-4d3c-9c75-b2e2f708318a

commit ef58a3fcd1d91cde1be8caeec4416a5792fc6c3f
Author: tomaskubin <tomaskubin@bcc6b92c-07db-4d3c-9c75-b2e2f708318a>
Date:   Mon Jul 19 07:37:57 2010 +0000

    tab -> 4 spaces according to PEP 8
    
    A    trunk/xml
    A    trunk/xml/gama-local-adjustment.dtd
    A    trunk/xml/gama-local.dtd
    A    trunk/example/vec
    A    trunk/example/vec/vec2008j.gkf
    A    trunk/example/vec/vec2008p.gkf
    AM   trunk/gizela/tabs.sh		tab -> 4 spaces
    A    trunk/gizela/pyplot		visualisation with matplotlib
    A    trunk/gizela/pyplot/PlotPoint.py
    A    trunk/gizela/pyplot/GraphBase.py
    A    trunk/gizela/pyplot/__init__.py
    M    trunk/gizela/data/PointLocalGama.py
    M    trunk/gizela/data/PointListCovMat.py
    M    trunk/gizela/data/__init__.py
    M    trunk/gizela/data/point_text_table.py
    M    trunk/gizela/data/ObsVector.py
    M    trunk/gizela/data/ObsClusterHeightDiff.py
    M    trunk/gizela/data/ObsClusterCoor.py
    M    trunk/gizela/data/GamaLocalData.py
    M    trunk/gizela/data/GamaLocalDataObs.py
    M    trunk/gizela/data/ObsClusterBase.py
    M    trunk/gizela/data/ObsClusterList.py
    M    trunk/gizela/data/ObsSDistance.py
    M    trunk/gizela/data/ObsDirection.py
    M    trunk/gizela/data/ObsZAngle.py
    M    trunk/gizela/data/ObsCluster.py
    M    trunk/gizela/data/CovMat.py
    M    trunk/gizela/data/GamaLocalDataAdj.py
    A    trunk/gizela/data/obs_table.py       texttable for some observations
    M    trunk/gizela/data/PointGeodetic.py
    M    trunk/gizela/data/ObsDistance.py
    M    trunk/gizela/data/PointListSimple.py
    M    trunk/gizela/data/GamaCoordStatus.py
    M    trunk/gizela/data/PointCart.py
    M    trunk/gizela/data/GamaDataObs.py
    M    trunk/gizela/data/ObsHeightDiff.py
    M    trunk/gizela/data/ObsClusterVector.py
    M    trunk/gizela/data/PointCartCovMat.py
    M    trunk/gizela/data/ObsBase.py
    M    trunk/gizela/data/GamaDataAdj.py
    M    trunk/gizela/data/PointBase.py
    M    trunk/gizela/data/PointList.py
    M    trunk/gizela/stat/Displacement.py
    M    trunk/gizela/stat/DisplacementTestType.py
    A    trunk/gizela/stat/CompareObs.py 		class for comparison of observations - now vectors
    M    trunk/gizela/stat/DisplacementResultList.py
    M    trunk/gizela/stat/DisplacementResult.py
    
    
    git-svn-id: http://slon.fsv.cvut.cz/svn/gizela@47 bcc6b92c-07db-4d3c-9c75-b2e2f708318a

commit 26f5a56210b90827ee9bce6caf52cdb81ad720ba
Author: michal <michal@bcc6b92c-07db-4d3c-9c75-b2e2f708318a>
Date:   Tue Jul 6 18:40:33 2010 +0000

    git-svn-id: http://slon.fsv.cvut.cz/svn/gizela@46 bcc6b92c-07db-4d3c-9c75-b2e2f708318a

commit ed94e9062734d1d52e7df8e1448454d2187f3c7e
Author: tomaskubin <tomaskubin@bcc6b92c-07db-4d3c-9c75-b2e2f708318a>
Date:   Wed Jun 30 23:36:22 2010 +0000

    A    trunk/example/matplotlib			adding matplotlib examples
    M    trunk/example/vim/ftplugin/python.vim	adding 4 spaces indentation
    
    
    git-svn-id: http://slon.fsv.cvut.cz/svn/gizela@45 bcc6b92c-07db-4d3c-9c75-b2e2f708318a

commit dbb434d7ed076dfc47b27896ab259a3da396d84c
Author: tomaskubin <tomaskubin@bcc6b92c-07db-4d3c-9c75-b2e2f708318a>
Date:   Wed Jun 30 07:20:32 2010 +0000

    example code added
    vim setup files for python compliant with PEP 8
    
    M    example/xml1/Makefile
    A    example/code/plist.py
    A    example/code/slots.py
    A    example/code/attrib.py
    A    example/vim
    A    example/vim/indent
    A    example/vim/indent/python.vim
    A    example/vim/syntax
    A    example/vim/syntax/python.vim
    A    example/vim/autoload
    A    example/vim/autoload/pythoncomplete.vim
    A    example/vim/ftplugin
    A    example/vim/ftplugin/python.vim
    
    
    git-svn-id: http://slon.fsv.cvut.cz/svn/gizela@44 bcc6b92c-07db-4d3c-9c75-b2e2f708318a

commit f2e82d6f92acec5bb1c7507e80bb556b0fe557e3
Author: tomaskubin <tomaskubin@bcc6b92c-07db-4d3c-9c75-b2e2f708318a>
Date:   Wed Jun 30 06:44:16 2010 +0000

    M    gizela/xml/GamaLocalAdjParser.py		modified according to GamaLocalData class
    M    gizela/xml/GamaLocalObsParser.py		modified according to GamaLocalData class
    M    gizela/text/TextTable.py
    A    gizela/data/GamaLocalDataAdj.py		inherited from GamaLocalData
    M    gizela/data/CovMat.py			slice method added to select a part of matrix
    M    gizela/data/PointLocalGama.py
    M    gizela/data/PointGeodetic.py		modifying texttable
    M    gizela/data/PointListCovMat.py
    M    gizela/data/point_text_table.py
    A    gizela/data/GamaLocalData.py		base class for adjustment and observations
    M    gizela/data/GamaDataAdj.py
    A    gizela/data/GamaLocalDataObs.py		inherited from GamaLocalData
    M    gizela/data/PointList.py
    M    gizela/util/Ellipsoid.py			__str__ method added
    
    
    git-svn-id: http://slon.fsv.cvut.cz/svn/gizela@43 bcc6b92c-07db-4d3c-9c75-b2e2f708318a

commit 266f050630e7f7e0335a4ff36cd3c4572e171d16
Author: tomaskubin <tomaskubin@bcc6b92c-07db-4d3c-9c75-b2e2f708318a>
Date:   Wed Jun 2 22:13:34 2010 +0000

    A    trunk/example/gama-1.9.07			added for experiments
    						reduced_observations.h (l221) editted
    M    trunk/example/xml1/example_xy-3.gkfc	-r 40
    M    trunk/example/xml1/Makefile		making with gama-local from gama-1.9.07 dir.
    A    trunk/example/xml1/example-all_obs.gkfc	example of all observations
    AM   trunk/example/gama
    M    trunk/gizela/xml/GamaLocalObsParser.py	cov-mat values have left
    
    minor changes and error fixing
    M    trunk/gizela/data/PointLocalGama.py
    M    trunk/gizela/data/GamaCoordStatus.py
    M    trunk/gizela/data/point_text_table.py
    M    trunk/gizela/data/ObsVector.py
    M    trunk/gizela/data/ObsClusterBase.py
    
    
    git-svn-id: http://slon.fsv.cvut.cz/svn/gizela@42 bcc6b92c-07db-4d3c-9c75-b2e2f708318a

commit 3055cd2aeee4e13934028194e60f9d47e6379cd8
Author: tomaskubin <tomaskubin@bcc6b92c-07db-4d3c-9c75-b2e2f708318a>
Date:   Mon May 31 20:06:22 2010 +0000

    classes for observations handle covariance matrix of cluster
    TextTable definitions are in the new file point_text_table.py
    class for measured coordinates cluster ObsClusterCoor added
    multiple inheritance with __slots__ is not possible
    
    M    trunk/example/xml1/example_xy-3.gkfc
    A    trunk/example/code/multiple_inher.py
    M    trunk/gizela/xml/GamaLocalObsParser.py
    M    trunk/gizela/data/CovMat.py
    M    trunk/gizela/data/ObsDistance.py
    M    trunk/gizela/data/PointListCovMat.py
    M    trunk/gizela/data/PointCart.py
    A    trunk/gizela/data/point_text_table.py
    M    trunk/gizela/data/ObsHeightDiff.py
    M    trunk/gizela/data/ObsVector.py
    M    trunk/gizela/data/ObsClusterHeightDiff.py
    M    trunk/gizela/data/ObsClusterVector.py
    A    trunk/gizela/data/ObsClusterCoor.py
    M    trunk/gizela/data/PointCartCovMat.py
    M    trunk/gizela/data/ObsBase.py
    M    trunk/gizela/data/ObsClusterBase.py
    M    trunk/gizela/data/ObsSDistance.py
    M    trunk/gizela/data/ObsClusterList.py
    M    trunk/gizela/data/ObsZAngle.py
    M    trunk/gizela/data/ObsDirection.py
    M    trunk/gizela/data/ObsCluster.py
    M    trunk/gizela/data/PointList.py
    
    
    git-svn-id: http://slon.fsv.cvut.cz/svn/gizela@41 bcc6b92c-07db-4d3c-9c75-b2e2f708318a

commit b5e2117122cdaa840a782af2a2c79603cee6baa9
Author: kubin <kubin@bcc6b92c-07db-4d3c-9c75-b2e2f708318a>
Date:   Thu May 27 09:46:34 2010 +0000

    fromid, fromdh added to ObsBase class
    
    M    gizela/data/ObsDistance.py
    M    gizela/data/ObsHeightDiff.py
    M    gizela/data/ObsVector.py
    M    gizela/data/ObsBase.py
    M    gizela/data/ObsSDistance.py
    M    gizela/data/ObsZAngle.py
    M    gizela/data/ObsDirection.py
    
    
    git-svn-id: http://slon.fsv.cvut.cz/svn/gizela@40 bcc6b92c-07db-4d3c-9c75-b2e2f708318a

commit 2268e90479b04dfd450d0d8771e6484a4b67b2be
Author: kubin <kubin@bcc6b92c-07db-4d3c-9c75-b2e2f708318a>
Date:   Wed May 26 13:07:02 2010 +0000

    minor changes
    
    A    gizela/data/ObsVector.py
    A    gizela/data/ObsClusterVector.py
    A    gizela/data/ObsClusterList.py
    
    
    git-svn-id: http://slon.fsv.cvut.cz/svn/gizela@39 bcc6b92c-07db-4d3c-9c75-b2e2f708318a

commit 766fd0700be20e5ef3376fe7ca65e0662972aebe
Author: tomaskubin <tomaskubin@bcc6b92c-07db-4d3c-9c75-b2e2f708318a>
Date:   Tue May 25 21:48:36 2010 +0000

    AM   gizela/xml/GamaLocalObsParser.py	unfinished parser for gama-local input batch
    M    gizela/data/GamaCoordStatus.py	functions for the new parser added
    M    gizela/data/ObsCluster.py		fromid, fromdh can be None
    
    
    git-svn-id: http://slon.fsv.cvut.cz/svn/gizela@38 bcc6b92c-07db-4d3c-9c75-b2e2f708318a

commit 7a3a5b6b666713631bda13fea744806c74b417a1
Author: michal <michal@bcc6b92c-07db-4d3c-9c75-b2e2f708318a>
Date:   Tue May 25 08:09:13 2010 +0000

    Undeclared and unused identifiers fixed
    
    git-svn-id: http://slon.fsv.cvut.cz/svn/gizela@37 bcc6b92c-07db-4d3c-9c75-b2e2f708318a

commit b4afe35cc92dd8bbfbf06577c45f41c57a80d244
Author: kubin <kubin@bcc6b92c-07db-4d3c-9c75-b2e2f708318a>
Date:   Mon May 24 14:09:17 2010 +0000

    M    gizela/xml/GamaLocalAdjParser.py	removed method is_cov_mat_ok()
    M    gizela/data/GamaDataAdj.py		added method is_cov_mat_ok()
    M    gizela/stat/Displacement.py	under development
    
    
    git-svn-id: http://slon.fsv.cvut.cz/svn/gizela@36 bcc6b92c-07db-4d3c-9c75-b2e2f708318a

commit 88ec790e6b4571336209623ce0fca6a0d1d0a630
Author: tomaskubin <tomaskubin@bcc6b92c-07db-4d3c-9c75-b2e2f708318a>
Date:   Sun May 23 21:19:08 2010 +0000

    working on test of displacement
    PointListSimple added for displacement result list
    
    A    gizela/data/PointListSimple.py
    M    gizela/data/PointCartCovMat.py
    M    gizela/data/PointList.py
    M    gizela/stat/Displacement.py
    A    gizela/stat/DisplacementTestType.py
    A    gizela/stat/DisplacementResultList.py
    A    gizela/stat/DisplacementResult.py
    
    
    git-svn-id: http://slon.fsv.cvut.cz/svn/gizela@35 bcc6b92c-07db-4d3c-9c75-b2e2f708318a

commit f5f805379cd64efed1dde86872fa5f70b5be7b01
Author: tomaskubin <tomaskubin@bcc6b92c-07db-4d3c-9c75-b2e2f708318a>
Date:   Wed May 19 23:37:53 2010 +0000

    class GamaDataObs done.
    
    
    git-svn-id: http://slon.fsv.cvut.cz/svn/gizela@34 bcc6b92c-07db-4d3c-9c75-b2e2f708318a

commit 3042730ee30b687c8505171881a4c2ca8a774303
Author: tomaskubin <tomaskubin@bcc6b92c-07db-4d3c-9c75-b2e2f708318a>
Date:   Wed May 19 14:53:26 2010 +0000

    using __slots__
    usint property - managed properties
    PointDict -> PointList (search through index in dict)
    GamaDataAdj finished
    to do:	finish class GamaDataObs
    
    
    
    git-svn-id: http://slon.fsv.cvut.cz/svn/gizela@33 bcc6b92c-07db-4d3c-9c75-b2e2f708318a

commit 66c6405d500cb0c6de0a1c8d1a4fb5f4cbdb807c
Author: michal <michal@bcc6b92c-07db-4d3c-9c75-b2e2f708318a>
Date:   Mon May 17 20:31:25 2010 +0000

    The end of Michal's first little contribution
    
    git-svn-id: http://slon.fsv.cvut.cz/svn/gizela@32 bcc6b92c-07db-4d3c-9c75-b2e2f708318a

commit 7518f772d07ec6a4c2225edf40e6a18115cf521e
Author: michal <michal@bcc6b92c-07db-4d3c-9c75-b2e2f708318a>
Date:   Mon May 17 20:15:35 2010 +0000

    git-svn-id: http://slon.fsv.cvut.cz/svn/gizela@31 bcc6b92c-07db-4d3c-9c75-b2e2f708318a

commit c4820393b0c8916701d099fa52e1fef02ae3e106
Author: michal <michal@bcc6b92c-07db-4d3c-9c75-b2e2f708318a>
Date:   Mon May 17 20:15:03 2010 +0000

    git-svn-id: http://slon.fsv.cvut.cz/svn/gizela@30 bcc6b92c-07db-4d3c-9c75-b2e2f708318a

commit 07e1386b56d93159699c2bd5f1486e45e4ee81af
Author: michal <michal@bcc6b92c-07db-4d3c-9c75-b2e2f708318a>
Date:   Mon May 17 20:10:17 2010 +0000

    git-svn-id: http://slon.fsv.cvut.cz/svn/gizela@29 bcc6b92c-07db-4d3c-9c75-b2e2f708318a

commit b812511c427cd4b70939e31c705aa25007518bdd
Author: michal <michal@bcc6b92c-07db-4d3c-9c75-b2e2f708318a>
Date:   Mon May 17 20:06:26 2010 +0000

    git-svn-id: http://slon.fsv.cvut.cz/svn/gizela@28 bcc6b92c-07db-4d3c-9c75-b2e2f708318a

commit 488d2173328e8a782f777278454d1c56d4844c3c
Author: michal <michal@bcc6b92c-07db-4d3c-9c75-b2e2f708318a>
Date:   Mon May 17 19:51:28 2010 +0000

    git-svn-id: http://slon.fsv.cvut.cz/svn/gizela@27 bcc6b92c-07db-4d3c-9c75-b2e2f708318a

commit af61e96fa967d9382d7a62257908c8e47aa3519b
Author: michal <michal@bcc6b92c-07db-4d3c-9c75-b2e2f708318a>
Date:   Mon May 17 19:51:18 2010 +0000

    git-svn-id: http://slon.fsv.cvut.cz/svn/gizela@26 bcc6b92c-07db-4d3c-9c75-b2e2f708318a

commit 9121b3921a94e790d2652232b428f5271be2156e
Author: michal <michal@bcc6b92c-07db-4d3c-9c75-b2e2f708318a>
Date:   Mon May 17 19:51:02 2010 +0000

    git-svn-id: http://slon.fsv.cvut.cz/svn/gizela@25 bcc6b92c-07db-4d3c-9c75-b2e2f708318a

commit f7ad7faa7cc40786dcbdbc53d73299975ad68965
Author: michal <michal@bcc6b92c-07db-4d3c-9c75-b2e2f708318a>
Date:   Mon May 17 19:50:41 2010 +0000

    Gizela code examples
    
    git-svn-id: http://slon.fsv.cvut.cz/svn/gizela@24 bcc6b92c-07db-4d3c-9c75-b2e2f708318a

commit c3f0952dcd3ad4e43e367217ae5293c74daab139
Author: michal <michal@bcc6b92c-07db-4d3c-9c75-b2e2f708318a>
Date:   Mon May 17 19:49:54 2010 +0000

    git-svn-id: http://slon.fsv.cvut.cz/svn/gizela@23 bcc6b92c-07db-4d3c-9c75-b2e2f708318a

commit a2e0346bdf8b7068b151e9d2e6ef0d8ef06e68b5
Author: kubin <kubin@bcc6b92c-07db-4d3c-9c75-b2e2f708318a>
Date:   Thu May 13 09:58:07 2010 +0000

    M    gizela/__init__.py				modification - not done
    M    gizela/data/__init__.py			modification - not done
    D    gizela/abstract.py
    A    gizela/example				exmaple directory
    A    gizela/example/visitor_example.py		visitor design pattern example
    AM + gizela/example/abstract.py			"virtual" class for python 2.5
    A  + gizela/stat				returning to old name of directory
    D    gizela/statc
    
    
    git-svn-id: http://slon.fsv.cvut.cz/svn/gizela@22 bcc6b92c-07db-4d3c-9c75-b2e2f708318a

commit c741a07bef68628c50f33b3579a10bada65ef22f
Author: tomaskubin <tomaskubin@bcc6b92c-07db-4d3c-9c75-b2e2f708318a>
Date:   Fri May 7 06:05:41 2010 +0000

    M    gizela/text/TextTable.py  methods make_table_row() make_table_head() and make_table_foot() are only available
    
    
    git-svn-id: http://slon.fsv.cvut.cz/svn/gizela@21 bcc6b92c-07db-4d3c-9c75-b2e2f708318a

commit 111e323f81d2eacccdfdf46a2c417db716c4eec7
Author: tomaskubin <tomaskubin@bcc6b92c-07db-4d3c-9c75-b2e2f708318a>
Date:   Wed May 5 22:26:39 2010 +0000

    Id added in classes Coord* and renamed Point* (this solves problem with text table output)
    
    A  + data/PointLocalGama.py
    M    data/__init__.py
    D    data/CoordLocalCM.py
    D    data/CoordBase.py
    AM + data/PointLocal.py
    D    data/CoordLocalGama.py
    D    data/CoordLocal.py
    AM + data/PointBase.py
    AM + data/PointLocalCM.py
    
    
    git-svn-id: http://slon.fsv.cvut.cz/svn/gizela@20 bcc6b92c-07db-4d3c-9c75-b2e2f708318a

commit fd8bf0379463d3881fc572bf620f2d14629c3d48
Author: kubin <kubin@bcc6b92c-07db-4d3c-9c75-b2e2f708318a>
Date:   Wed May 5 18:52:02 2010 +0000

    M    trunk/gizela/text/TextTable.py
    
    
    git-svn-id: http://slon.fsv.cvut.cz/svn/gizela@19 bcc6b92c-07db-4d3c-9c75-b2e2f708318a

commit 6890786a41307dafe9c5fdab619c13a055663767
Author: tomaskubin <tomaskubin@bcc6b92c-07db-4d3c-9c75-b2e2f708318a>
Date:   Tue May 4 23:15:37 2010 +0000

    M    data/PointDict.py		dictionary without covariance matrix: working
    M    data/__init__.py
    M    data/CoordBase.py
    M    data/CoordLocalGama.py
    A    data/PointDictCM.py	dictionary with covariance matrix: working
    M    data/CoordLocal.py
    A    data/PointDictGama.py	dictionary for gama-local: working
    
    
    git-svn-id: http://slon.fsv.cvut.cz/svn/gizela@18 bcc6b92c-07db-4d3c-9c75-b2e2f708318a

commit 93e9af2e8b895e6301a09c7a19ae4b542603afc0
Author: kubin <kubin@bcc6b92c-07db-4d3c-9c75-b2e2f708318a>
Date:   Tue May 4 15:17:20 2010 +0000

    CoordLocal* clases completed.
    
    M    data/__init__.py
    M    data/CoordLocalCM.py
    M    data/CoordLocalGama.py
    M    data/CoordLocal.py
    
    
    git-svn-id: http://slon.fsv.cvut.cz/svn/gizela@17 bcc6b92c-07db-4d3c-9c75-b2e2f708318a

commit 85aa96ece0d84de00b0cd0b7ae1d843c13decadb
Author: kubin <kubin@bcc6b92c-07db-4d3c-9c75-b2e2f708318a>
Date:   Mon May 3 18:02:35 2010 +0000

    under development
    
    M    data/CoordLocalCM.py
    M    data/CoordLocalGama.py
    
    
    git-svn-id: http://slon.fsv.cvut.cz/svn/gizela@16 bcc6b92c-07db-4d3c-9c75-b2e2f708318a

commit 50ac27195c35b7435d1935fd31be4eb9bf256ea5
Author: tomaskubin <tomaskubin@bcc6b92c-07db-4d3c-9c75-b2e2f708318a>
Date:   Mon May 3 13:34:33 2010 +0000

    new classes for geodetic observations
    new structure of classes for geodetic coordinates (Coord -> CoordLocalGama)
    	this task is not finished yet (GamaDataObs, CoordLocalCM,
    	CoordLocalGama, PointDict)
    
    M    trunk/example/xml1/Makefile
    M    trunk/gizela/text/TextTable.py
    M    trunk/gizela/text/__init__.py
    AM   trunk/gizela/data/ObservationClusterBase.py
    M    trunk/gizela/data/CovMat.py
    AM   trunk/gizela/data/ObservationDirection.py
    AM   trunk/gizela/data/ObservationCluster.py
    M    trunk/gizela/data/PointDict.py
    M    trunk/gizela/data/__init__.py
    AM   trunk/gizela/data/CoordLocalCM.py
    M    trunk/gizela/data/CoordBase.py
    AM   trunk/gizela/data/GamaDataObs.py
    AM   trunk/gizela/data/ObservationDistance.py
    D    trunk/gizela/data/Coord.py
    AM + trunk/gizela/data/CoordLocalGama.py
    AM   trunk/gizela/data/ObservationDH.py
    AM   trunk/gizela/data/ObservationClusterDH.py
    M    trunk/gizela/data/CoordStatus.py
    AM   trunk/gizela/data/GamaDataAdj.py
    AM   trunk/gizela/data/CoordLocal.py
    M    trunk/gizela/data/ObservationBase.py
    D    trunk/gizela/stat
    M    trunk/gizela/util/Error.py
    M    trunk/gizela/util/__init__.py
    A  + trunk/gizela/statc
    
    
    git-svn-id: http://slon.fsv.cvut.cz/svn/gizela@15 bcc6b92c-07db-4d3c-9c75-b2e2f708318a

commit c8538e6571f68a22cdda2fef0f916c2aedf25eb5
Author: tomaskubin <tomaskubin@bcc6b92c-07db-4d3c-9c75-b2e2f708318a>
Date:   Fri Apr 30 03:30:19 2010 +0000

    AM   data/ObservationBase.py	"virtual" base class for observations (gama-local)
    
    
    git-svn-id: http://slon.fsv.cvut.cz/svn/gizela@14 bcc6b92c-07db-4d3c-9c75-b2e2f708318a

commit 344fc600732f28f408c2c6eda21346315bf97e39
Author: tomaskubin <tomaskubin@bcc6b92c-07db-4d3c-9c75-b2e2f708318a>
Date:   Wed Apr 28 21:05:00 2010 +0000

    A    gizela/abstract.py example of abstract class (without module abc - new in python 2.6)
    
    
    git-svn-id: http://slon.fsv.cvut.cz/svn/gizela@13 bcc6b92c-07db-4d3c-9c75-b2e2f708318a

commit b7afa8cc9b6e643ba8fc8afd7afaad14a6e9a9ed
Author: kubin <kubin@bcc6b92c-07db-4d3c-9c75-b2e2f708318a>
Date:   Tue Apr 27 14:28:10 2010 +0000

    M    trunk/docs/Makefile		rsync of documentation in html to slon
    M    trunk/gizela/data/__init__.py	import of classes in subpackage data
    
    
    git-svn-id: http://slon.fsv.cvut.cz/svn/gizela@12 bcc6b92c-07db-4d3c-9c75-b2e2f708318a

commit 85d2ad3b8a19b9624d29b537f865a359508798fa
Author: kubin <kubin@bcc6b92c-07db-4d3c-9c75-b2e2f708318a>
Date:   Mon Apr 26 14:17:17 2010 +0000

    simple abstraction of Coord class - CoordBase
    
    M    data/PointDict.py
    A    data/CoordBase.py
    M    data/Coord.py
    
    
    git-svn-id: http://slon.fsv.cvut.cz/svn/gizela@11 bcc6b92c-07db-4d3c-9c75-b2e2f708318a

commit 6ed1ef9c38ede4a8b6ed3841465d9b3ac4d15d38
Author: kubin <kubin@bcc6b92c-07db-4d3c-9c75-b2e2f708318a>
Date:   Tue Apr 20 12:23:33 2010 +0000

    M    trunk/bin/displacement_test.py
    A    trunk/docs/epydoc.cfg		configuration file for epydoc
    A    trunk/docs/Makefile		generating epydoc in html
    M    trunk/gizela/test/DisplacementTest.py			changing import paths
    M    trunk/gizela/test/TextTableTest.py
    M    trunk/gizela/test/GamaLocalAdjustmentParserTest.py
    A    trunk/gizela/test/__init__.py	test is also submodul
    M    trunk/gizela/__init__.py		uml graph in epydoc
    AM   trunk/gizela/data/CoordStatus.py
    M    trunk/gizela/data/Coord.py		divided into CoordStatus.py
    
    
    git-svn-id: http://slon.fsv.cvut.cz/svn/gizela@10 bcc6b92c-07db-4d3c-9c75-b2e2f708318a

commit 87304a107191956a53006b372c5cecde89e4a361
Author: kubin <kubin@bcc6b92c-07db-4d3c-9c75-b2e2f708318a>
Date:   Mon Apr 19 13:57:04 2010 +0000

    structure of basic information about gizela project. copyright. license
    
    
    git-svn-id: http://slon.fsv.cvut.cz/svn/gizela@9 bcc6b92c-07db-4d3c-9c75-b2e2f708318a

commit 44affbaa45262177dac3f1d238dfdd849754525c
Author: kubin <kubin@bcc6b92c-07db-4d3c-9c75-b2e2f708318a>
Date:   Mon Apr 19 13:29:45 2010 +0000

    second part of rearrangement
    
    
    git-svn-id: http://slon.fsv.cvut.cz/svn/gizela@8 bcc6b92c-07db-4d3c-9c75-b2e2f708318a

commit 9e807971f24f22abc992daf0efd80af6f34f0fc5
Author: kubin <kubin@bcc6b92c-07db-4d3c-9c75-b2e2f708318a>
Date:   Mon Apr 19 13:20:08 2010 +0000

    rearranging of repository accordance with
    	http://guide.python-distribute.org/
    
    
    git-svn-id: http://slon.fsv.cvut.cz/svn/gizela@7 bcc6b92c-07db-4d3c-9c75-b2e2f708318a

commit e3281f2c370d17a941e8b827cce88a31ad7105e1
Author: tomaskubin <tomaskubin@bcc6b92c-07db-4d3c-9c75-b2e2f708318a>
Date:   Sat Apr 17 23:15:31 2010 +0000

    vytvoen adrese gizela v adresi lib kvli importu balk - konflikt jmen se standartnmi balky
    vytvoen spustitelnch skript unittests.py pro proveden vech testovacch modul v ballu (adresi)
    
    
    git-svn-id: http://slon.fsv.cvut.cz/svn/gizela@6 bcc6b92c-07db-4d3c-9c75-b2e2f708318a

commit 0fa3e880fabc10f4e6bfc308369d963c17f7d34a
Author: tomaskubin <tomaskubin@bcc6b92c-07db-4d3c-9c75-b2e2f708318a>
Date:   Thu Apr 15 22:39:52 2010 +0000

    pejmenovn adrese lib/xml na lib/gama-xml z dvodu duplicity jmen ve standartn knihovn
    pidn pklad - xml soubor
    
    
    git-svn-id: http://slon.fsv.cvut.cz/svn/gizela@5 bcc6b92c-07db-4d3c-9c75-b2e2f708318a

commit e3ebcb9ed627777577f2a504ad80cbb2e52d74be
Author: kubin <kubin@bcc6b92c-07db-4d3c-9c75-b2e2f708318a>
Date:   Thu Apr 15 15:00:01 2010 +0000

    nastaven vlastnosti svn:keywords Id
    
    _M   trunk/displacement_test.py
    
    
    git-svn-id: http://slon.fsv.cvut.cz/svn/gizela@4 bcc6b92c-07db-4d3c-9c75-b2e2f708318a

commit d6ad4265c140a50b94bccf9bf7253edcb69fd74e
Author: kubin <kubin@bcc6b92c-07db-4d3c-9c75-b2e2f708318a>
Date:   Thu Apr 15 14:57:38 2010 +0000

    nastaven svn:keywords Id
    
    _M   trunk/lib/xml/GamaLocalAdjustmentParserTest.py
    _M   trunk/lib/xml/GamaLocalAdjustmentParser.py
    _M   trunk/lib/text/TextTableTest.py
    _M   trunk/lib/text/TextTable.py
    _M   trunk/lib/data/CovMat.py
    _M   trunk/lib/data/PointDict.py
    _M   trunk/lib/data/PointDictTest.py
    _M   trunk/lib/data/Coord.py
    _M   trunk/lib/stat/Displacement.py
    _M   trunk/lib/stat/DisplacementTest.py
    _M   trunk/lib/util/Error.py
    
    
    git-svn-id: http://slon.fsv.cvut.cz/svn/gizela@3 bcc6b92c-07db-4d3c-9c75-b2e2f708318a

commit 33c1a91b56d86b92fa1fa3a3a6ad33fc5d353e14
Author: kubin <kubin@bcc6b92c-07db-4d3c-9c75-b2e2f708318a>
Date:   Thu Apr 15 14:54:53 2010 +0000

    pidn td
    
    A    trunk
    A    trunk/lib
    A    trunk/lib/xml
    A    trunk/lib/xml/GamaLocalAdjustmentParserTest.py
    A    trunk/lib/xml/GamaLocalAdjustmentParser.py
    A    trunk/lib/xml/__init__.py
    A    trunk/lib/text
    A    trunk/lib/text/TextTableTest.py
    A    trunk/lib/text/TextTable.py
    A    trunk/lib/text/__init__.py
    A    trunk/lib/data
    A    trunk/lib/data/CovMat.py
    A    trunk/lib/data/PointDict.py
    A    trunk/lib/data/PointDictTest.py
    A    trunk/lib/data/__init__.py
    A    trunk/lib/data/Coord.py
    A    trunk/lib/stat
    A    trunk/lib/stat/Displacement.py
    A    trunk/lib/stat/DisplacementTest.py
    A    trunk/lib/stat/__init__.py
    A    trunk/lib/util
    A    trunk/lib/util/Error.py
    A    trunk/lib/util/__init__.py
    AM   trunk/displacement_test.py
    
    
    git-svn-id: http://slon.fsv.cvut.cz/svn/gizela@2 bcc6b92c-07db-4d3c-9c75-b2e2f708318a

commit aa595b8f759dd22003305b952904736a73c1de94
Author: michal <michal@bcc6b92c-07db-4d3c-9c75-b2e2f708318a>
Date:   Fri Feb 19 17:35:39 2010 +0000

    Test Trac systemu a SVN
    
    git-svn-id: http://slon.fsv.cvut.cz/svn/gizela@1 bcc6b92c-07db-4d3c-9c75-b2e2f708318a
