\BOOKMARK [0][-]{chapter.1}{Introduction}{}% 1
\BOOKMARK [0][-]{chapter.2}{Installation}{}% 2
\BOOKMARK [0][-]{chapter.3}{Running TARDIS}{}% 3
\BOOKMARK [0][-]{chapter.4}{Graphical User Interface}{}% 4
\BOOKMARK [1][-]{section.4.1}{GUI Layout and Features}{chapter.4}% 5
\BOOKMARK [0][-]{chapter.5}{Configuration File}{}% 6
\BOOKMARK [1][-]{section.5.1}{Plasma}{chapter.5}% 7
\BOOKMARK [1][-]{section.5.2}{Model}{chapter.5}% 8
\BOOKMARK [1][-]{section.5.3}{MonteCarlo}{chapter.5}% 9
\BOOKMARK [1][-]{section.5.4}{Spectrum}{chapter.5}% 10
\BOOKMARK [1][-]{section.5.5}{Config Reader}{chapter.5}% 11
\BOOKMARK [0][-]{chapter.6}{Atomic Data}{}% 12
\BOOKMARK [1][-]{section.6.1}{HDF5 Dataset}{chapter.6}% 13
\BOOKMARK [1][-]{section.6.2}{The Atom Data Class}{chapter.6}% 14
\BOOKMARK [1][-]{section.6.3}{Indexing fun}{chapter.6}% 15
\BOOKMARK [0][-]{chapter.7}{Plasma}{}% 16
\BOOKMARK [1][-]{section.7.1}{Base Plasma}{chapter.7}% 17
\BOOKMARK [1][-]{section.7.2}{Plasma Types}{chapter.7}% 18
\BOOKMARK [1][-]{section.7.3}{Sobolev optical depth}{chapter.7}% 19
\BOOKMARK [1][-]{section.7.4}{Macro Atom}{chapter.7}% 20
\BOOKMARK [1][-]{section.7.5}{NLTE treatment}{chapter.7}% 21
\BOOKMARK [0][-]{chapter.8}{Radiative Monte Carlo}{}% 22
\BOOKMARK [1][-]{section.8.1}{Radiationfield estimators}{chapter.8}% 23
\BOOKMARK [0][-]{chapter.9}{Glossary}{}% 24
\BOOKMARK [0][-]{chapter.10}{References}{}% 25
\BOOKMARK [0][-]{chapter*.10}{Bibliography}{}% 26
\BOOKMARK [0][-]{section*.14}{Index}{}% 27
