2013-12-01 17:39:13.748 phantomjs[58649:507] *** WARNING: Method userSpaceScaleFactor in class NSView is deprecated on 10.7 and later. It should not be used in new applications. Use convertRectToBacking: instead. 
PhantomJS is launching GhostDriver...
[INFO  - 2013-12-01T09:39:13.789Z] GhostDriver - Main - running on port 57613
[INFO  - 2013-12-01T09:39:14.264Z] Session [708ea050-5a6c-11e3-ab58-5f17dc16e9ed] - _decorateNewWindow - page.settings: {"XSSAuditingEnabled":false,"javascriptCanCloseWindows":true,"javascriptCanOpenWindows":true,"javascriptEnabled":true,"loadImages":true,"localToRemoteUrlAccessEnabled":false,"userAgent":"Mozilla/5.0 (Macintosh; PPC Mac OS X) AppleWebKit/534.34 (KHTML, like Gecko) PhantomJS/1.9.2 Safari/534.34","webSecurityEnabled":true}
[INFO  - 2013-12-01T09:39:14.264Z] Session [708ea050-5a6c-11e3-ab58-5f17dc16e9ed] - page.customHeaders:  - {}
[INFO  - 2013-12-01T09:39:14.264Z] Session [708ea050-5a6c-11e3-ab58-5f17dc16e9ed] - CONSTRUCTOR - Desired Capabilities: {"version":"","browserName":"phantomjs","platform":"ANY","javascriptEnabled":true}
[INFO  - 2013-12-01T09:39:14.264Z] Session [708ea050-5a6c-11e3-ab58-5f17dc16e9ed] - CONSTRUCTOR - Negotiated Capabilities: {"browserName":"phantomjs","version":"1.9.2","driverName":"ghostdriver","driverVersion":"1.0.4","platform":"mac-unknown-64bit","javascriptEnabled":true,"takesScreenshot":true,"handlesAlerts":false,"databaseEnabled":false,"locationContextEnabled":false,"applicationCacheEnabled":false,"browserConnectionEnabled":false,"cssSelectorsEnabled":true,"webStorageEnabled":false,"rotatable":false,"acceptSslCerts":false,"nativeEvents":true,"proxy":{"proxyType":"direct"}}
[INFO  - 2013-12-01T09:39:14.264Z] SessionManagerReqHand - _postNewSessionCommand - New Session Created: 708ea050-5a6c-11e3-ab58-5f17dc16e9ed
2013-12-01 17:39:14.320 phantomjs[58649:507] CoreText performance note: Client called CTFontCreateWithName() using name "Helvetica Neue" and got font with PostScript name "HelveticaNeue". For best performance, only use PostScript names when calling this API.
2013-12-01 17:39:14.320 phantomjs[58649:507] CoreText performance note: Set a breakpoint on CTFontLogSuboptimalRequest to debug.
2013-12-01 17:39:14.322 phantomjs[58649:507] CoreText performance note: Client called CTFontCreateWithName() using name "Helvetica Neue" and got font with PostScript name "HelveticaNeue". For best performance, only use PostScript names when calling this API.
2013-12-01 17:39:14.322 phantomjs[58649:507] CoreText performance note: Client called CTFontCreateWithName() using name "Helvetica Neue" and got font with PostScript name "HelveticaNeue". For best performance, only use PostScript names when calling this API.
2013-12-01 17:39:14.323 phantomjs[58649:507] CoreText performance note: Client called CTFontCreateWithName() using name "Helvetica Neue" and got font with PostScript name "HelveticaNeue". For best performance, only use PostScript names when calling this API.
2013-12-01 17:39:14.323 phantomjs[58649:507] CoreText performance note: Client called CTFontCreateWithName() using name "Helvetica Neue" and got font with PostScript name "HelveticaNeue". For best performance, only use PostScript names when calling this API.
2013-12-01 17:39:14.326 phantomjs[58649:507] CoreText performance note: Client called CTFontCreateWithName() using name "Helvetica Neue" and got font with PostScript name "HelveticaNeue". For best performance, only use PostScript names when calling this API.
2013-12-01 17:39:14.661 phantomjs[58649:507] CoreText performance note: Client called CTFontCreateWithName() using name "Helvetica Neue" and got font with PostScript name "HelveticaNeue". For best performance, only use PostScript names when calling this API.
[ERROR - 2013-12-01T09:39:16.577Z] WebElementLocator - _handleLocateCommand - Element(s) NOT Found: GAVE UP. Search Stop Time: 1385890756562
[ERROR - 2013-12-01T09:39:17.209Z] WebElementLocator - _handleLocateCommand - Element(s) NOT Found: GAVE UP. Search Stop Time: 1385890757197
[ERROR - 2013-12-01T09:39:18.168Z] WebElementLocator - _handleLocateCommand - Element(s) NOT Found: GAVE UP. Search Stop Time: 1385890758154
[ERROR - 2013-12-01T09:39:18.776Z] WebElementLocator - _handleLocateCommand - Element(s) NOT Found: GAVE UP. Search Stop Time: 1385890758761
2013-12-01 17:39:22.206 phantomjs[58649:507] CoreText performance note: Client called CTFontCreateWithName() using name "Times New Roman" and got font with PostScript name "TimesNewRomanPSMT". For best performance, only use PostScript names when calling this API.
2013-12-01 17:39:22.208 phantomjs[58649:507] CoreText performance note: Client called CTFontCreateWithName() using name "Times New Roman" and got font with PostScript name "TimesNewRomanPSMT". For best performance, only use PostScript names when calling this API.
[ERROR - 2013-12-01T09:39:25.915Z] WebElementLocator - _handleLocateCommand - Element(s) NOT Found: GAVE UP. Search Stop Time: 1385890765902
[ERROR - 2013-12-01T09:39:26.507Z] WebElementLocator - _handleLocateCommand - Element(s) NOT Found: GAVE UP. Search Stop Time: 1385890766493
