2014-03-11 16:13:35,487 - MockServer - {c:\Python27\lib\site-packages\magicmock-0.01-py2.7.egg\magicmock\Http\MockController.py:111} - INFO - Generate url mapping
2014-03-11 16:13:35,487 - MockServer - {c:\Python27\lib\site-packages\magicmock-0.01-py2.7.egg\magicmock\Http\MockController.py:113} - INFO - C:\Users\mxu\Documents\GitHub\magicmock\magicmock\Sample
2014-03-11 16:13:35,487 - MockServer - {c:\Python27\lib\site-packages\magicmock-0.01-py2.7.egg\magicmock\Http\MockController.py:118} - INFO - C:\Users\mxu\Documents\GitHub\magicmock\magicmock\Sample\APITemplates
2014-03-11 16:13:35,493 - MockServer - {c:\Python27\lib\site-packages\magicmock-0.01-py2.7.egg\magicmock\Http\MockController.py:137} - DEBUG - URL Mapping: {'/key/value': {'get': {'body': {'key': 'value', 'one': 'two'}, 'headers': {'Content-Type': 'application/json'}, 'status': '200 OK'}}}
2014-03-11 16:13:42,538 - MockServer - {c:\Python27\lib\site-packages\magicmock-0.01-py2.7.egg\magicmock\Http\HttpHandler.py:45} - DEBUG - time delay is set to 0 sec
2014-03-11 16:13:42,538 - MockServer - {c:\Python27\lib\site-packages\magicmock-0.01-py2.7.egg\magicmock\Http\MockController.py:59} - INFO - print request
2014-03-11 16:13:42,546 - MockServer - {c:\Python27\lib\site-packages\magicmock-0.01-py2.7.egg\magicmock\Http\MockController.py:73} - INFO - print response
2014-03-11 16:13:42,723 - MockServer - {c:\Python27\lib\site-packages\magicmock-0.01-py2.7.egg\magicmock\Http\HttpHandler.py:45} - DEBUG - time delay is set to 0 sec
2014-03-11 16:13:42,723 - MockServer - {c:\Python27\lib\site-packages\magicmock-0.01-py2.7.egg\magicmock\Http\MockController.py:59} - INFO - print request
2014-03-11 16:13:42,727 - MockServer - {c:\Python27\lib\site-packages\magicmock-0.01-py2.7.egg\magicmock\Http\MockController.py:73} - INFO - print response
2014-03-11 16:13:47,732 - MockServer - {c:\Python27\lib\site-packages\magicmock-0.01-py2.7.egg\magicmock\Http\HttpHandler.py:45} - DEBUG - time delay is set to 0 sec
2014-03-11 16:13:47,732 - MockServer - {c:\Python27\lib\site-packages\magicmock-0.01-py2.7.egg\magicmock\Http\MockController.py:59} - INFO - print request
2014-03-11 16:13:47,743 - MockServer - {c:\Python27\lib\site-packages\magicmock-0.01-py2.7.egg\magicmock\Http\MockController.py:73} - INFO - print response
2014-03-11 16:13:47,907 - MockServer - {c:\Python27\lib\site-packages\magicmock-0.01-py2.7.egg\magicmock\Http\HttpHandler.py:45} - DEBUG - time delay is set to 0 sec
2014-03-11 16:13:47,907 - MockServer - {c:\Python27\lib\site-packages\magicmock-0.01-py2.7.egg\magicmock\Http\MockController.py:59} - INFO - print request
2014-03-11 16:13:47,913 - MockServer - {c:\Python27\lib\site-packages\magicmock-0.01-py2.7.egg\magicmock\Http\MockController.py:73} - INFO - print response
2014-03-11 16:14:16,224 - MockServer - {c:\Python27\lib\site-packages\magicmock-0.01-py2.7.egg\magicmock\Http\MockController.py:201} - INFO - Set delay to 5s
2014-03-11 16:14:21,535 - MockServer - {c:\Python27\lib\site-packages\magicmock-0.01-py2.7.egg\magicmock\Http\HttpHandler.py:45} - DEBUG - time delay is set to 5 sec
2014-03-11 16:14:26,535 - MockServer - {c:\Python27\lib\site-packages\magicmock-0.01-py2.7.egg\magicmock\Http\MockController.py:59} - INFO - print request
2014-03-11 16:14:26,545 - MockServer - {c:\Python27\lib\site-packages\magicmock-0.01-py2.7.egg\magicmock\Http\MockController.py:73} - INFO - print response
2014-03-11 16:14:26,750 - MockServer - {c:\Python27\lib\site-packages\magicmock-0.01-py2.7.egg\magicmock\Http\HttpHandler.py:45} - DEBUG - time delay is set to 0 sec
2014-03-11 16:14:26,750 - MockServer - {c:\Python27\lib\site-packages\magicmock-0.01-py2.7.egg\magicmock\Http\MockController.py:59} - INFO - print request
2014-03-11 16:14:26,755 - MockServer - {c:\Python27\lib\site-packages\magicmock-0.01-py2.7.egg\magicmock\Http\MockController.py:73} - INFO - print response
2014-03-11 16:14:38,331 - MockServer - {c:\Python27\lib\site-packages\magicmock-0.01-py2.7.egg\magicmock\Http\HttpHandler.py:45} - DEBUG - time delay is set to 0 sec
2014-03-11 16:14:38,332 - MockServer - {c:\Python27\lib\site-packages\magicmock-0.01-py2.7.egg\magicmock\Http\MockController.py:59} - INFO - print request
2014-03-11 16:14:38,341 - MockServer - {c:\Python27\lib\site-packages\magicmock-0.01-py2.7.egg\magicmock\Http\MockController.py:73} - INFO - print response
2014-03-11 16:14:38,542 - MockServer - {c:\Python27\lib\site-packages\magicmock-0.01-py2.7.egg\magicmock\Http\HttpHandler.py:45} - DEBUG - time delay is set to 0 sec
2014-03-11 16:14:38,542 - MockServer - {c:\Python27\lib\site-packages\magicmock-0.01-py2.7.egg\magicmock\Http\MockController.py:59} - INFO - print request
2014-03-11 16:14:38,546 - MockServer - {c:\Python27\lib\site-packages\magicmock-0.01-py2.7.egg\magicmock\Http\MockController.py:73} - INFO - print response
2014-03-11 16:15:10,301 - MockServer - {c:\Python27\lib\site-packages\magicmock-0.01-py2.7.egg\magicmock\Http\HttpHandler.py:45} - DEBUG - time delay is set to 0 sec
2014-03-11 16:15:10,302 - MockServer - {c:\Python27\lib\site-packages\magicmock-0.01-py2.7.egg\magicmock\Http\MockController.py:59} - INFO - print request
2014-03-11 16:15:10,313 - MockServer - {c:\Python27\lib\site-packages\magicmock-0.01-py2.7.egg\magicmock\Http\MockController.py:73} - INFO - print response
2014-03-11 16:15:10,513 - MockServer - {c:\Python27\lib\site-packages\magicmock-0.01-py2.7.egg\magicmock\Http\HttpHandler.py:45} - DEBUG - time delay is set to 0 sec
2014-03-11 16:15:10,515 - MockServer - {c:\Python27\lib\site-packages\magicmock-0.01-py2.7.egg\magicmock\Http\MockController.py:59} - INFO - print request
2014-03-11 16:15:10,515 - MockServer - {c:\Python27\lib\site-packages\magicmock-0.01-py2.7.egg\magicmock\Http\MockController.py:37} - DEBUG - remote server url is http://echo.jsontest.com, headers are {'Accept-Language': 'zh-CN,zh;q=0.8,en;q=0.6', 'Accept-Encoding': 'gzip,deflate,sdch', 'Host': 'localhost:8081', 'Accept': '*/*', 'User-Agent': 'Mozilla/5.0 (Windows NT 6.1; WOW64) AppleWebKit/537.36 (KHTML, like Gecko) Chrome/33.0.1750.146 Safari/537.36', 'Connection': 'keep-alive'}
2014-03-11 16:15:11,315 - MockServer - {c:\Python27\lib\site-packages\magicmock-0.01-py2.7.egg\magicmock\Http\MockController.py:73} - INFO - print response
2014-03-11 16:15:12,302 - MockServer - {c:\Python27\lib\site-packages\magicmock-0.01-py2.7.egg\magicmock\Http\HttpHandler.py:45} - DEBUG - time delay is set to 0 sec
2014-03-11 16:15:12,303 - MockServer - {c:\Python27\lib\site-packages\magicmock-0.01-py2.7.egg\magicmock\Http\MockController.py:59} - INFO - print request
2014-03-11 16:15:12,303 - MockServer - {c:\Python27\lib\site-packages\magicmock-0.01-py2.7.egg\magicmock\Http\MockController.py:37} - DEBUG - remote server url is http://echo.jsontest.com, headers are {'Accept-Language': 'zh-CN,zh;q=0.8,en;q=0.6', 'Accept-Encoding': 'gzip,deflate,sdch', 'Host': 'localhost:8081', 'Accept': 'text/html,application/xhtml+xml,application/xml;q=0.9,image/webp,*/*;q=0.8', 'User-Agent': 'Mozilla/5.0 (Windows NT 6.1; WOW64) AppleWebKit/537.36 (KHTML, like Gecko) Chrome/33.0.1750.146 Safari/537.36', 'Connection': 'keep-alive', 'Cache-Control': 'max-age=0'}
2014-03-11 16:15:12,844 - MockServer - {c:\Python27\lib\site-packages\magicmock-0.01-py2.7.egg\magicmock\Http\MockController.py:73} - INFO - print response
2014-03-11 16:15:12,983 - MockServer - {c:\Python27\lib\site-packages\magicmock-0.01-py2.7.egg\magicmock\Http\HttpHandler.py:45} - DEBUG - time delay is set to 0 sec
2014-03-11 16:15:12,983 - MockServer - {c:\Python27\lib\site-packages\magicmock-0.01-py2.7.egg\magicmock\Http\MockController.py:59} - INFO - print request
2014-03-11 16:15:12,984 - MockServer - {c:\Python27\lib\site-packages\magicmock-0.01-py2.7.egg\magicmock\Http\MockController.py:37} - DEBUG - remote server url is http://echo.jsontest.com, headers are {'Accept-Language': 'zh-CN,zh;q=0.8,en;q=0.6', 'Accept-Encoding': 'gzip,deflate,sdch', 'Host': 'localhost:8081', 'Accept': '*/*', 'User-Agent': 'Mozilla/5.0 (Windows NT 6.1; WOW64) AppleWebKit/537.36 (KHTML, like Gecko) Chrome/33.0.1750.146 Safari/537.36', 'Connection': 'keep-alive'}
2014-03-11 16:15:13,522 - MockServer - {c:\Python27\lib\site-packages\magicmock-0.01-py2.7.egg\magicmock\Http\MockController.py:73} - INFO - print response
2014-03-11 16:15:27,721 - MockServer - {c:\Python27\lib\site-packages\magicmock-0.01-py2.7.egg\magicmock\Http\HttpHandler.py:45} - DEBUG - time delay is set to 0 sec
2014-03-11 16:15:27,721 - MockServer - {c:\Python27\lib\site-packages\magicmock-0.01-py2.7.egg\magicmock\Http\MockController.py:59} - INFO - print request
2014-03-11 16:15:27,721 - MockServer - {c:\Python27\lib\site-packages\magicmock-0.01-py2.7.egg\magicmock\Http\MockController.py:37} - DEBUG - remote server url is http://echo.jsontest.com, headers are {'Accept-Language': 'zh-CN,zh;q=0.8,en;q=0.6', 'Accept-Encoding': 'gzip,deflate,sdch', 'Host': 'localhost:8081', 'Accept': 'text/html,application/xhtml+xml,application/xml;q=0.9,image/webp,*/*;q=0.8', 'User-Agent': 'Mozilla/5.0 (Windows NT 6.1; WOW64) AppleWebKit/537.36 (KHTML, like Gecko) Chrome/33.0.1750.146 Safari/537.36', 'Connection': 'keep-alive', 'Cache-Control': 'max-age=0'}
2014-03-11 16:15:29,279 - MockServer - {c:\Python27\lib\site-packages\magicmock-0.01-py2.7.egg\magicmock\Http\MockController.py:73} - INFO - print response
2014-03-11 16:15:29,423 - MockServer - {c:\Python27\lib\site-packages\magicmock-0.01-py2.7.egg\magicmock\Http\HttpHandler.py:45} - DEBUG - time delay is set to 0 sec
2014-03-11 16:15:29,424 - MockServer - {c:\Python27\lib\site-packages\magicmock-0.01-py2.7.egg\magicmock\Http\MockController.py:59} - INFO - print request
2014-03-11 16:15:29,428 - MockServer - {c:\Python27\lib\site-packages\magicmock-0.01-py2.7.egg\magicmock\Http\MockController.py:73} - INFO - print response
2014-03-11 16:15:31,513 - MockServer - {c:\Python27\lib\site-packages\magicmock-0.01-py2.7.egg\magicmock\Http\HttpHandler.py:45} - DEBUG - time delay is set to 0 sec
2014-03-11 16:15:31,513 - MockServer - {c:\Python27\lib\site-packages\magicmock-0.01-py2.7.egg\magicmock\Http\MockController.py:59} - INFO - print request
2014-03-11 16:15:31,520 - MockServer - {c:\Python27\lib\site-packages\magicmock-0.01-py2.7.egg\magicmock\Http\MockController.py:73} - INFO - print response
2014-03-11 16:15:31,630 - MockServer - {c:\Python27\lib\site-packages\magicmock-0.01-py2.7.egg\magicmock\Http\HttpHandler.py:45} - DEBUG - time delay is set to 0 sec
2014-03-11 16:15:31,630 - MockServer - {c:\Python27\lib\site-packages\magicmock-0.01-py2.7.egg\magicmock\Http\MockController.py:59} - INFO - print request
2014-03-11 16:15:31,634 - MockServer - {c:\Python27\lib\site-packages\magicmock-0.01-py2.7.egg\magicmock\Http\MockController.py:73} - INFO - print response
2014-03-11 16:15:44,062 - MockServer - {c:\Python27\lib\site-packages\magicmock-0.01-py2.7.egg\magicmock\Http\HttpHandler.py:45} - DEBUG - time delay is set to 0 sec
2014-03-11 16:15:44,062 - MockServer - {c:\Python27\lib\site-packages\magicmock-0.01-py2.7.egg\magicmock\Http\MockController.py:59} - INFO - print request
2014-03-11 16:15:44,073 - MockServer - {c:\Python27\lib\site-packages\magicmock-0.01-py2.7.egg\magicmock\Http\MockController.py:73} - INFO - print response
2014-03-11 16:15:44,223 - MockServer - {c:\Python27\lib\site-packages\magicmock-0.01-py2.7.egg\magicmock\Http\HttpHandler.py:45} - DEBUG - time delay is set to 0 sec
2014-03-11 16:15:44,223 - MockServer - {c:\Python27\lib\site-packages\magicmock-0.01-py2.7.egg\magicmock\Http\MockController.py:59} - INFO - print request
2014-03-11 16:15:44,227 - MockServer - {c:\Python27\lib\site-packages\magicmock-0.01-py2.7.egg\magicmock\Http\MockController.py:73} - INFO - print response
2014-03-11 16:15:44,858 - MockServer - {c:\Python27\lib\site-packages\magicmock-0.01-py2.7.egg\magicmock\Http\HttpHandler.py:45} - DEBUG - time delay is set to 0 sec
2014-03-11 16:15:44,858 - MockServer - {c:\Python27\lib\site-packages\magicmock-0.01-py2.7.egg\magicmock\Http\MockController.py:59} - INFO - print request
2014-03-11 16:15:44,868 - MockServer - {c:\Python27\lib\site-packages\magicmock-0.01-py2.7.egg\magicmock\Http\MockController.py:73} - INFO - print response
2014-03-11 16:15:45,015 - MockServer - {c:\Python27\lib\site-packages\magicmock-0.01-py2.7.egg\magicmock\Http\HttpHandler.py:45} - DEBUG - time delay is set to 0 sec
2014-03-11 16:15:45,015 - MockServer - {c:\Python27\lib\site-packages\magicmock-0.01-py2.7.egg\magicmock\Http\MockController.py:59} - INFO - print request
2014-03-11 16:15:45,020 - MockServer - {c:\Python27\lib\site-packages\magicmock-0.01-py2.7.egg\magicmock\Http\MockController.py:73} - INFO - print response
2014-03-11 16:15:45,463 - MockServer - {c:\Python27\lib\site-packages\magicmock-0.01-py2.7.egg\magicmock\Http\HttpHandler.py:45} - DEBUG - time delay is set to 0 sec
2014-03-11 16:15:45,463 - MockServer - {c:\Python27\lib\site-packages\magicmock-0.01-py2.7.egg\magicmock\Http\MockController.py:59} - INFO - print request
2014-03-11 16:15:45,471 - MockServer - {c:\Python27\lib\site-packages\magicmock-0.01-py2.7.egg\magicmock\Http\MockController.py:73} - INFO - print response
2014-03-11 16:15:45,619 - MockServer - {c:\Python27\lib\site-packages\magicmock-0.01-py2.7.egg\magicmock\Http\HttpHandler.py:45} - DEBUG - time delay is set to 0 sec
2014-03-11 16:15:45,621 - MockServer - {c:\Python27\lib\site-packages\magicmock-0.01-py2.7.egg\magicmock\Http\MockController.py:59} - INFO - print request
2014-03-11 16:15:45,625 - MockServer - {c:\Python27\lib\site-packages\magicmock-0.01-py2.7.egg\magicmock\Http\MockController.py:73} - INFO - print response
2014-03-11 16:15:46,125 - MockServer - {c:\Python27\lib\site-packages\magicmock-0.01-py2.7.egg\magicmock\Http\HttpHandler.py:45} - DEBUG - time delay is set to 0 sec
2014-03-11 16:15:46,125 - MockServer - {c:\Python27\lib\site-packages\magicmock-0.01-py2.7.egg\magicmock\Http\MockController.py:59} - INFO - print request
2014-03-11 16:15:46,138 - MockServer - {c:\Python27\lib\site-packages\magicmock-0.01-py2.7.egg\magicmock\Http\MockController.py:73} - INFO - print response
2014-03-11 16:15:46,285 - MockServer - {c:\Python27\lib\site-packages\magicmock-0.01-py2.7.egg\magicmock\Http\HttpHandler.py:45} - DEBUG - time delay is set to 0 sec
2014-03-11 16:15:46,286 - MockServer - {c:\Python27\lib\site-packages\magicmock-0.01-py2.7.egg\magicmock\Http\MockController.py:59} - INFO - print request
2014-03-11 16:15:46,292 - MockServer - {c:\Python27\lib\site-packages\magicmock-0.01-py2.7.egg\magicmock\Http\MockController.py:73} - INFO - print response
2014-03-11 16:15:46,760 - MockServer - {c:\Python27\lib\site-packages\magicmock-0.01-py2.7.egg\magicmock\Http\HttpHandler.py:45} - DEBUG - time delay is set to 0 sec
2014-03-11 16:15:46,760 - MockServer - {c:\Python27\lib\site-packages\magicmock-0.01-py2.7.egg\magicmock\Http\MockController.py:59} - INFO - print request
2014-03-11 16:15:46,772 - MockServer - {c:\Python27\lib\site-packages\magicmock-0.01-py2.7.egg\magicmock\Http\MockController.py:73} - INFO - print response
2014-03-11 16:15:46,924 - MockServer - {c:\Python27\lib\site-packages\magicmock-0.01-py2.7.egg\magicmock\Http\HttpHandler.py:45} - DEBUG - time delay is set to 0 sec
2014-03-11 16:15:46,924 - MockServer - {c:\Python27\lib\site-packages\magicmock-0.01-py2.7.egg\magicmock\Http\MockController.py:59} - INFO - print request
2014-03-11 16:15:46,930 - MockServer - {c:\Python27\lib\site-packages\magicmock-0.01-py2.7.egg\magicmock\Http\MockController.py:73} - INFO - print response
2014-03-11 16:16:53,069 - MockServer - {c:\Python27\lib\site-packages\magicmock-0.01-py2.7.egg\magicmock\Http\HttpHandler.py:45} - DEBUG - time delay is set to 0 sec
2014-03-11 16:16:53,071 - MockServer - {c:\Python27\lib\site-packages\magicmock-0.01-py2.7.egg\magicmock\Http\MockController.py:59} - INFO - print request
2014-03-11 16:16:53,082 - MockServer - {c:\Python27\lib\site-packages\magicmock-0.01-py2.7.egg\magicmock\Http\MockController.py:73} - INFO - print response
2014-03-11 16:16:53,285 - MockServer - {c:\Python27\lib\site-packages\magicmock-0.01-py2.7.egg\magicmock\Http\HttpHandler.py:45} - DEBUG - time delay is set to 0 sec
2014-03-11 16:16:53,285 - MockServer - {c:\Python27\lib\site-packages\magicmock-0.01-py2.7.egg\magicmock\Http\MockController.py:59} - INFO - print request
2014-03-11 16:16:53,290 - MockServer - {c:\Python27\lib\site-packages\magicmock-0.01-py2.7.egg\magicmock\Http\MockController.py:73} - INFO - print response
2014-03-11 16:16:53,742 - MockServer - {c:\Python27\lib\site-packages\magicmock-0.01-py2.7.egg\magicmock\Http\HttpHandler.py:45} - DEBUG - time delay is set to 0 sec
2014-03-11 16:16:53,742 - MockServer - {c:\Python27\lib\site-packages\magicmock-0.01-py2.7.egg\magicmock\Http\MockController.py:59} - INFO - print request
2014-03-11 16:16:53,752 - MockServer - {c:\Python27\lib\site-packages\magicmock-0.01-py2.7.egg\magicmock\Http\MockController.py:73} - INFO - print response
2014-03-11 16:16:53,900 - MockServer - {c:\Python27\lib\site-packages\magicmock-0.01-py2.7.egg\magicmock\Http\HttpHandler.py:45} - DEBUG - time delay is set to 0 sec
2014-03-11 16:16:53,900 - MockServer - {c:\Python27\lib\site-packages\magicmock-0.01-py2.7.egg\magicmock\Http\MockController.py:59} - INFO - print request
2014-03-11 16:16:53,904 - MockServer - {c:\Python27\lib\site-packages\magicmock-0.01-py2.7.egg\magicmock\Http\MockController.py:73} - INFO - print response
2014-03-11 16:16:54,349 - MockServer - {c:\Python27\lib\site-packages\magicmock-0.01-py2.7.egg\magicmock\Http\HttpHandler.py:45} - DEBUG - time delay is set to 0 sec
2014-03-11 16:16:54,349 - MockServer - {c:\Python27\lib\site-packages\magicmock-0.01-py2.7.egg\magicmock\Http\MockController.py:59} - INFO - print request
2014-03-11 16:16:54,358 - MockServer - {c:\Python27\lib\site-packages\magicmock-0.01-py2.7.egg\magicmock\Http\MockController.py:73} - INFO - print response
2014-03-11 16:16:54,506 - MockServer - {c:\Python27\lib\site-packages\magicmock-0.01-py2.7.egg\magicmock\Http\HttpHandler.py:45} - DEBUG - time delay is set to 0 sec
2014-03-11 16:16:54,506 - MockServer - {c:\Python27\lib\site-packages\magicmock-0.01-py2.7.egg\magicmock\Http\MockController.py:59} - INFO - print request
2014-03-11 16:16:54,513 - MockServer - {c:\Python27\lib\site-packages\magicmock-0.01-py2.7.egg\magicmock\Http\MockController.py:73} - INFO - print response
2014-03-11 16:16:54,938 - MockServer - {c:\Python27\lib\site-packages\magicmock-0.01-py2.7.egg\magicmock\Http\HttpHandler.py:45} - DEBUG - time delay is set to 0 sec
2014-03-11 16:16:54,938 - MockServer - {c:\Python27\lib\site-packages\magicmock-0.01-py2.7.egg\magicmock\Http\MockController.py:59} - INFO - print request
2014-03-11 16:16:54,951 - MockServer - {c:\Python27\lib\site-packages\magicmock-0.01-py2.7.egg\magicmock\Http\MockController.py:73} - INFO - print response
2014-03-11 16:16:55,098 - MockServer - {c:\Python27\lib\site-packages\magicmock-0.01-py2.7.egg\magicmock\Http\HttpHandler.py:45} - DEBUG - time delay is set to 0 sec
2014-03-11 16:16:55,098 - MockServer - {c:\Python27\lib\site-packages\magicmock-0.01-py2.7.egg\magicmock\Http\MockController.py:59} - INFO - print request
2014-03-11 16:16:55,104 - MockServer - {c:\Python27\lib\site-packages\magicmock-0.01-py2.7.egg\magicmock\Http\MockController.py:73} - INFO - print response
