http://localhost:8081/set/ 
	GET 
	{'Accept-Language': 'zh-CN,zh;q=0.8,en;q=0.6', 'Accept-Encoding': 'gzip,deflate,sdch', 'Host': 'localhost:8081', 'Accept': 'text/html,application/xhtml+xml,application/xml;q=0.9,image/webp,*/*;q=0.8', 'User-Agent': 'Mozilla/5.0 (Windows NT 6.1; WOW64) AppleWebKit/537.36 (KHTML, like Gecko) Chrome/33.0.1750.146 Safari/537.36', 'Connection': 'keep-alive'} 
	
http://localhost:8081/favicon.ico 
	GET 
	{'Accept-Language': 'zh-CN,zh;q=0.8,en;q=0.6', 'Accept-Encoding': 'gzip,deflate,sdch', 'Host': 'localhost:8081', 'Accept': '*/*', 'User-Agent': 'Mozilla/5.0 (Windows NT 6.1; WOW64) AppleWebKit/537.36 (KHTML, like Gecko) Chrome/33.0.1750.146 Safari/537.36', 'Connection': 'keep-alive'} 
	
http://localhost:8081/key/value 
	GET 
	{'Accept-Language': 'zh-CN,zh;q=0.8,en;q=0.6', 'Accept-Encoding': 'gzip,deflate,sdch', 'Host': 'localhost:8081', 'Accept': 'text/html,application/xhtml+xml,application/xml;q=0.9,image/webp,*/*;q=0.8', 'User-Agent': 'Mozilla/5.0 (Windows NT 6.1; WOW64) AppleWebKit/537.36 (KHTML, like Gecko) Chrome/33.0.1750.146 Safari/537.36', 'Connection': 'keep-alive'} 
	
http://localhost:8081/favicon.ico 
	GET 
	{'Accept-Language': 'zh-CN,zh;q=0.8,en;q=0.6', 'Accept-Encoding': 'gzip,deflate,sdch', 'Host': 'localhost:8081', 'Accept': '*/*', 'User-Agent': 'Mozilla/5.0 (Windows NT 6.1; WOW64) AppleWebKit/537.36 (KHTML, like Gecko) Chrome/33.0.1750.146 Safari/537.36', 'Connection': 'keep-alive'} 
	
http://localhost:8081/key/value 
	GET 
	{'Accept-Language': 'zh-CN,zh;q=0.8,en;q=0.6', 'Accept-Encoding': 'gzip,deflate,sdch', 'Host': 'localhost:8081', 'Accept': 'text/html,application/xhtml+xml,application/xml;q=0.9,image/webp,*/*;q=0.8', 'User-Agent': 'Mozilla/5.0 (Windows NT 6.1; WOW64) AppleWebKit/537.36 (KHTML, like Gecko) Chrome/33.0.1750.146 Safari/537.36', 'Connection': 'keep-alive', 'Cache-Control': 'max-age=0'} 
	
http://localhost:8081/favicon.ico 
	GET 
	{'Accept-Language': 'zh-CN,zh;q=0.8,en;q=0.6', 'Accept-Encoding': 'gzip,deflate,sdch', 'Host': 'localhost:8081', 'Accept': '*/*', 'User-Agent': 'Mozilla/5.0 (Windows NT 6.1; WOW64) AppleWebKit/537.36 (KHTML, like Gecko) Chrome/33.0.1750.146 Safari/537.36', 'Connection': 'keep-alive'} 
	
http://localhost:8081/key/value 
	GET 
	{'Accept-Language': 'zh-CN,zh;q=0.8,en;q=0.6', 'Accept-Encoding': 'gzip,deflate,sdch', 'Host': 'localhost:8081', 'Accept': 'text/html,application/xhtml+xml,application/xml;q=0.9,image/webp,*/*;q=0.8', 'User-Agent': 'Mozilla/5.0 (Windows NT 6.1; WOW64) AppleWebKit/537.36 (KHTML, like Gecko) Chrome/33.0.1750.146 Safari/537.36', 'Connection': 'keep-alive', 'Cache-Control': 'max-age=0'} 
	
http://localhost:8081/favicon.ico 
	GET 
	{'Accept-Language': 'zh-CN,zh;q=0.8,en;q=0.6', 'Accept-Encoding': 'gzip,deflate,sdch', 'Host': 'localhost:8081', 'Accept': '*/*', 'User-Agent': 'Mozilla/5.0 (Windows NT 6.1; WOW64) AppleWebKit/537.36 (KHTML, like Gecko) Chrome/33.0.1750.146 Safari/537.36', 'Connection': 'keep-alive'} 
	
http://localhost:8081/key/value 
	GET 
	{'Accept-Language': 'zh-CN,zh;q=0.8,en;q=0.6', 'Accept-Encoding': 'gzip,deflate,sdch', 'Host': 'localhost:8081', 'Accept': 'text/html,application/xhtml+xml,application/xml;q=0.9,image/webp,*/*;q=0.8', 'User-Agent': 'Mozilla/5.0 (Windows NT 6.1; WOW64) AppleWebKit/537.36 (KHTML, like Gecko) Chrome/33.0.1750.146 Safari/537.36', 'Connection': 'keep-alive', 'Cache-Control': 'max-age=0'} 
	
http://localhost:8081/favicon.ico 
	GET 
	{'Accept-Language': 'zh-CN,zh;q=0.8,en;q=0.6', 'Accept-Encoding': 'gzip,deflate,sdch', 'Host': 'localhost:8081', 'Accept': '*/*', 'User-Agent': 'Mozilla/5.0 (Windows NT 6.1; WOW64) AppleWebKit/537.36 (KHTML, like Gecko) Chrome/33.0.1750.146 Safari/537.36', 'Connection': 'keep-alive'} 
	
http://localhost:8081/key/value 
	GET 
	{'Accept-Language': 'zh-CN,zh;q=0.8,en;q=0.6', 'Accept-Encoding': 'gzip,deflate,sdch', 'Host': 'localhost:8081', 'Accept': 'text/html,application/xhtml+xml,application/xml;q=0.9,image/webp,*/*;q=0.8', 'User-Agent': 'Mozilla/5.0 (Windows NT 6.1; WOW64) AppleWebKit/537.36 (KHTML, like Gecko) Chrome/33.0.1750.146 Safari/537.36', 'Connection': 'keep-alive', 'Cache-Control': 'max-age=0'} 
	
http://localhost:8081/favicon.ico 
	GET 
	{'Accept-Language': 'zh-CN,zh;q=0.8,en;q=0.6', 'Accept-Encoding': 'gzip,deflate,sdch', 'Host': 'localhost:8081', 'Accept': '*/*', 'User-Agent': 'Mozilla/5.0 (Windows NT 6.1; WOW64) AppleWebKit/537.36 (KHTML, like Gecko) Chrome/33.0.1750.146 Safari/537.36', 'Connection': 'keep-alive'} 
	
http://localhost:8081/key/value 
	GET 
	{'Accept-Language': 'zh-CN,zh;q=0.8,en;q=0.6', 'Accept-Encoding': 'gzip,deflate,sdch', 'Host': 'localhost:8081', 'Accept': 'text/html,application/xhtml+xml,application/xml;q=0.9,image/webp,*/*;q=0.8', 'User-Agent': 'Mozilla/5.0 (Windows NT 6.1; WOW64) AppleWebKit/537.36 (KHTML, like Gecko) Chrome/33.0.1750.146 Safari/537.36', 'Connection': 'keep-alive', 'Cache-Control': 'max-age=0'} 
	
http://localhost:8081/favicon.ico 
	GET 
	{'Accept-Language': 'zh-CN,zh;q=0.8,en;q=0.6', 'Accept-Encoding': 'gzip,deflate,sdch', 'Host': 'localhost:8081', 'Accept': '*/*', 'User-Agent': 'Mozilla/5.0 (Windows NT 6.1; WOW64) AppleWebKit/537.36 (KHTML, like Gecko) Chrome/33.0.1750.146 Safari/537.36', 'Connection': 'keep-alive'} 
	
http://localhost:8081/key/value 
	GET 
	{'Accept-Language': 'zh-CN,zh;q=0.8,en;q=0.6', 'Accept-Encoding': 'gzip,deflate,sdch', 'Host': 'localhost:8081', 'Accept': 'text/html,application/xhtml+xml,application/xml;q=0.9,image/webp,*/*;q=0.8', 'User-Agent': 'Mozilla/5.0 (Windows NT 6.1; WOW64) AppleWebKit/537.36 (KHTML, like Gecko) Chrome/33.0.1750.146 Safari/537.36', 'Connection': 'keep-alive', 'Cache-Control': 'max-age=0'} 
	
http://localhost:8081/favicon.ico 
	GET 
	{'Accept-Language': 'zh-CN,zh;q=0.8,en;q=0.6', 'Accept-Encoding': 'gzip,deflate,sdch', 'Host': 'localhost:8081', 'Accept': '*/*', 'User-Agent': 'Mozilla/5.0 (Windows NT 6.1; WOW64) AppleWebKit/537.36 (KHTML, like Gecko) Chrome/33.0.1750.146 Safari/537.36', 'Connection': 'keep-alive'} 
	
http://localhost:8081/key/value 
	GET 
	{'Accept-Language': 'zh-CN,zh;q=0.8,en;q=0.6', 'Accept-Encoding': 'gzip,deflate,sdch', 'Host': 'localhost:8081', 'Accept': 'text/html,application/xhtml+xml,application/xml;q=0.9,image/webp,*/*;q=0.8', 'User-Agent': 'Mozilla/5.0 (Windows NT 6.1; WOW64) AppleWebKit/537.36 (KHTML, like Gecko) Chrome/33.0.1750.146 Safari/537.36', 'Connection': 'keep-alive', 'Cache-Control': 'max-age=0'} 
	
http://localhost:8081/favicon.ico 
	GET 
	{'Accept-Language': 'zh-CN,zh;q=0.8,en;q=0.6', 'Accept-Encoding': 'gzip,deflate,sdch', 'Host': 'localhost:8081', 'Accept': '*/*', 'User-Agent': 'Mozilla/5.0 (Windows NT 6.1; WOW64) AppleWebKit/537.36 (KHTML, like Gecko) Chrome/33.0.1750.146 Safari/537.36', 'Connection': 'keep-alive'} 
	
http://localhost:8081/key/value 
	GET 
	{'Accept-Language': 'zh-CN,zh;q=0.8,en;q=0.6', 'Accept-Encoding': 'gzip,deflate,sdch', 'Host': 'localhost:8081', 'Accept': 'text/html,application/xhtml+xml,application/xml;q=0.9,image/webp,*/*;q=0.8', 'User-Agent': 'Mozilla/5.0 (Windows NT 6.1; WOW64) AppleWebKit/537.36 (KHTML, like Gecko) Chrome/33.0.1750.146 Safari/537.36', 'Connection': 'keep-alive', 'Cache-Control': 'max-age=0'} 
	
http://localhost:8081/favicon.ico 
	GET 
	{'Accept-Language': 'zh-CN,zh;q=0.8,en;q=0.6', 'Accept-Encoding': 'gzip,deflate,sdch', 'Host': 'localhost:8081', 'Accept': '*/*', 'User-Agent': 'Mozilla/5.0 (Windows NT 6.1; WOW64) AppleWebKit/537.36 (KHTML, like Gecko) Chrome/33.0.1750.146 Safari/537.36', 'Connection': 'keep-alive'} 
	
http://localhost:8081/key/value 
	GET 
	{'Accept-Language': 'zh-CN,zh;q=0.8,en;q=0.6', 'Accept-Encoding': 'gzip,deflate,sdch', 'Host': 'localhost:8081', 'Accept': 'text/html,application/xhtml+xml,application/xml;q=0.9,image/webp,*/*;q=0.8', 'User-Agent': 'Mozilla/5.0 (Windows NT 6.1; WOW64) AppleWebKit/537.36 (KHTML, like Gecko) Chrome/33.0.1750.146 Safari/537.36', 'Connection': 'keep-alive', 'Cache-Control': 'max-age=0'} 
	
http://localhost:8081/favicon.ico 
	GET 
	{'Accept-Language': 'zh-CN,zh;q=0.8,en;q=0.6', 'Accept-Encoding': 'gzip,deflate,sdch', 'Host': 'localhost:8081', 'Accept': '*/*', 'User-Agent': 'Mozilla/5.0 (Windows NT 6.1; WOW64) AppleWebKit/537.36 (KHTML, like Gecko) Chrome/33.0.1750.146 Safari/537.36', 'Connection': 'keep-alive'} 
	
http://localhost:8081/key/value 
	GET 
	{'Accept-Language': 'zh-CN,zh;q=0.8,en;q=0.6', 'Accept-Encoding': 'gzip,deflate,sdch', 'Host': 'localhost:8081', 'Accept': 'text/html,application/xhtml+xml,application/xml;q=0.9,image/webp,*/*;q=0.8', 'User-Agent': 'Mozilla/5.0 (Windows NT 6.1; WOW64) AppleWebKit/537.36 (KHTML, like Gecko) Chrome/33.0.1750.146 Safari/537.36', 'Connection': 'keep-alive', 'Cache-Control': 'max-age=0'} 
	
http://localhost:8081/favicon.ico 
	GET 
	{'Accept-Language': 'zh-CN,zh;q=0.8,en;q=0.6', 'Accept-Encoding': 'gzip,deflate,sdch', 'Host': 'localhost:8081', 'Accept': '*/*', 'User-Agent': 'Mozilla/5.0 (Windows NT 6.1; WOW64) AppleWebKit/537.36 (KHTML, like Gecko) Chrome/33.0.1750.146 Safari/537.36', 'Connection': 'keep-alive'} 
	
http://localhost:8081/key/value 
	GET 
	{'Accept-Language': 'zh-CN,zh;q=0.8,en;q=0.6', 'Accept-Encoding': 'gzip,deflate,sdch', 'Host': 'localhost:8081', 'Accept': 'text/html,application/xhtml+xml,application/xml;q=0.9,image/webp,*/*;q=0.8', 'User-Agent': 'Mozilla/5.0 (Windows NT 6.1; WOW64) AppleWebKit/537.36 (KHTML, like Gecko) Chrome/33.0.1750.146 Safari/537.36', 'Connection': 'keep-alive', 'Cache-Control': 'max-age=0'} 
	
http://localhost:8081/favicon.ico 
	GET 
	{'Accept-Language': 'zh-CN,zh;q=0.8,en;q=0.6', 'Accept-Encoding': 'gzip,deflate,sdch', 'Host': 'localhost:8081', 'Accept': '*/*', 'User-Agent': 'Mozilla/5.0 (Windows NT 6.1; WOW64) AppleWebKit/537.36 (KHTML, like Gecko) Chrome/33.0.1750.146 Safari/537.36', 'Connection': 'keep-alive'} 
	
http://localhost:8081/key/value 
	GET 
	{'Accept-Language': 'zh-CN,zh;q=0.8,en;q=0.6', 'Accept-Encoding': 'gzip,deflate,sdch', 'Host': 'localhost:8081', 'Accept': 'text/html,application/xhtml+xml,application/xml;q=0.9,image/webp,*/*;q=0.8', 'User-Agent': 'Mozilla/5.0 (Windows NT 6.1; WOW64) AppleWebKit/537.36 (KHTML, like Gecko) Chrome/33.0.1750.146 Safari/537.36', 'Connection': 'keep-alive', 'Cache-Control': 'max-age=0'} 
	
http://localhost:8081/favicon.ico 
	GET 
	{'Accept-Language': 'zh-CN,zh;q=0.8,en;q=0.6', 'Accept-Encoding': 'gzip,deflate,sdch', 'Host': 'localhost:8081', 'Accept': '*/*', 'User-Agent': 'Mozilla/5.0 (Windows NT 6.1; WOW64) AppleWebKit/537.36 (KHTML, like Gecko) Chrome/33.0.1750.146 Safari/537.36', 'Connection': 'keep-alive'} 
	
http://localhost:8081/key/value 
	GET 
	{'Accept-Language': 'zh-CN,zh;q=0.8,en;q=0.6', 'Accept-Encoding': 'gzip,deflate,sdch', 'Host': 'localhost:8081', 'Accept': 'text/html,application/xhtml+xml,application/xml;q=0.9,image/webp,*/*;q=0.8', 'User-Agent': 'Mozilla/5.0 (Windows NT 6.1; WOW64) AppleWebKit/537.36 (KHTML, like Gecko) Chrome/33.0.1750.146 Safari/537.36', 'Connection': 'keep-alive', 'Cache-Control': 'max-age=0'} 
	
http://localhost:8081/favicon.ico 
	GET 
	{'Accept-Language': 'zh-CN,zh;q=0.8,en;q=0.6', 'Accept-Encoding': 'gzip,deflate,sdch', 'Host': 'localhost:8081', 'Accept': '*/*', 'User-Agent': 'Mozilla/5.0 (Windows NT 6.1; WOW64) AppleWebKit/537.36 (KHTML, like Gecko) Chrome/33.0.1750.146 Safari/537.36', 'Connection': 'keep-alive'} 
	
http://localhost:8081/key/value 
	GET 
	{'Accept-Language': 'zh-CN,zh;q=0.8,en;q=0.6', 'Accept-Encoding': 'gzip,deflate,sdch', 'Host': 'localhost:8081', 'Accept': 'text/html,application/xhtml+xml,application/xml;q=0.9,image/webp,*/*;q=0.8', 'User-Agent': 'Mozilla/5.0 (Windows NT 6.1; WOW64) AppleWebKit/537.36 (KHTML, like Gecko) Chrome/33.0.1750.146 Safari/537.36', 'Connection': 'keep-alive', 'Cache-Control': 'max-age=0'} 
	
http://localhost:8081/favicon.ico 
	GET 
	{'Accept-Language': 'zh-CN,zh;q=0.8,en;q=0.6', 'Accept-Encoding': 'gzip,deflate,sdch', 'Host': 'localhost:8081', 'Accept': '*/*', 'User-Agent': 'Mozilla/5.0 (Windows NT 6.1; WOW64) AppleWebKit/537.36 (KHTML, like Gecko) Chrome/33.0.1750.146 Safari/537.36', 'Connection': 'keep-alive'} 
	
http://localhost:8081/key/value 
	GET 
	{'Accept-Language': 'zh-CN,zh;q=0.8,en;q=0.6', 'Accept-Encoding': 'gzip,deflate,sdch', 'Host': 'localhost:8081', 'Accept': 'text/html,application/xhtml+xml,application/xml;q=0.9,image/webp,*/*;q=0.8', 'User-Agent': 'Mozilla/5.0 (Windows NT 6.1; WOW64) AppleWebKit/537.36 (KHTML, like Gecko) Chrome/33.0.1750.146 Safari/537.36', 'Connection': 'keep-alive', 'Cache-Control': 'max-age=0'} 
	
http://localhost:8081/favicon.ico 
	GET 
	{'Accept-Language': 'zh-CN,zh;q=0.8,en;q=0.6', 'Accept-Encoding': 'gzip,deflate,sdch', 'Host': 'localhost:8081', 'Accept': '*/*', 'User-Agent': 'Mozilla/5.0 (Windows NT 6.1; WOW64) AppleWebKit/537.36 (KHTML, like Gecko) Chrome/33.0.1750.146 Safari/537.36', 'Connection': 'keep-alive'} 
	
