/set/ 
	200 OK 
	[] 
	None
/favicon.ico 
	200 OK 
	[] 
	None
/key/value 
	200 OK 
	[('Content-Type', 'application/json')] 
	{"key": "value", "one": "two"}
/favicon.ico 
	200 OK 
	[] 
	None
/key/value 
	200 OK 
	[('Content-Type', 'application/json')] 
	{"key": "value", "one": "two"}
/favicon.ico 
	200 OK 
	[] 
	None
/key/value 
	200 OK 
	[('Content-Type', 'application/json')] 
	{"key": "value", "one": "two"}
/favicon.ico 
	200 OK 
	[] 
	None
/key/value 
	200 OK 
	[('Content-Type', 'application/json')] 
	{"key": "value", "one": "two"}
/favicon.ico 
	200 OK 
	{'alternate-protocol': '80:quic,80:quic', 'server': 'Google Frontend', '-content-encoding': 'gzip', 'cache-control': 'private', 'date': 'Tue, 11 Mar 2014 08:15:09 GMT', 'access-control-allow-origin': '*', 'content-type': 'application/json; charset=ISO-8859-1'} 
	{"favicon.ico": ""}

/key/value 
	200 OK 
	{'alternate-protocol': '80:quic,80:quic', 'server': 'Google Frontend', '-content-encoding': 'gzip', 'cache-control': 'private', 'date': 'Tue, 11 Mar 2014 08:15:11 GMT', 'access-control-allow-origin': '*', 'content-type': 'application/json; charset=ISO-8859-1'} 
	{"key": "value"}

/favicon.ico 
	200 OK 
	{'alternate-protocol': '80:quic,80:quic', 'server': 'Google Frontend', '-content-encoding': 'gzip', 'cache-control': 'private', 'date': 'Tue, 11 Mar 2014 08:15:12 GMT', 'access-control-allow-origin': '*', 'content-type': 'application/json; charset=ISO-8859-1'} 
	{"favicon.ico": ""}

/key/value 
	200 OK 
	{'alternate-protocol': '80:quic,80:quic', 'server': 'Google Frontend', '-content-encoding': 'gzip', 'cache-control': 'private', 'date': 'Tue, 11 Mar 2014 08:15:27 GMT', 'access-control-allow-origin': '*', 'content-type': 'application/json; charset=ISO-8859-1'} 
	{"key": "value"}

/favicon.ico 
	200 OK 
	[] 
	None
/key/value 
	200 OK 
	[('Content-Type', 'application/json')] 
	{"key": "value", "one": "two"}
/favicon.ico 
	200 OK 
	[] 
	None
/key/value 
	200 OK 
	[('Content-Type', 'application/json')] 
	{"key": "value", "one": "two"}
/favicon.ico 
	200 OK 
	[] 
	None
/key/value 
	200 OK 
	[('Content-Type', 'application/json')] 
	{"key": "value", "one": "two"}
/favicon.ico 
	200 OK 
	[] 
	None
/key/value 
	200 OK 
	[('Content-Type', 'application/json')] 
	{"key": "value", "one": "two"}
/favicon.ico 
	200 OK 
	[] 
	None
/key/value 
	200 OK 
	[('Content-Type', 'application/json')] 
	{"key": "value", "one": "two"}
/favicon.ico 
	200 OK 
	[] 
	None
/key/value 
	200 OK 
	[('Content-Type', 'application/json')] 
	{"key": "value", "one": "two"}
/favicon.ico 
	200 OK 
	[] 
	None
/key/value 
	200 OK 
	[('Content-Type', 'application/json')] 
	{"key": "value", "one": "two"}
/favicon.ico 
	200 OK 
	[] 
	None
/key/value 
	200 OK 
	[('Content-Type', 'application/json')] 
	{"key": "value", "one": "two"}
/favicon.ico 
	200 OK 
	[] 
	None
/key/value 
	200 OK 
	[('Content-Type', 'application/json')] 
	{"key": "value", "one": "two"}
/favicon.ico 
	200 OK 
	[] 
	None
/key/value 
	200 OK 
	[('Content-Type', 'application/json')] 
	{"key": "value", "one": "two"}
/favicon.ico 
	200 OK 
	[] 
	None
